2026-03-13 09:52:08 INFO auto_report HTTP服务已启动: http://0.0.0.0:6648
2026-03-13 09:52:36 INFO auto_report 客户端已启动，窗口句柄: 1313998
2026-03-13 09:52:45 INFO auto_report 登录操作执行完成
2026-03-13 09:52:45 INFO auto_report 正在查找并点击“原始数据查询”...
2026-03-13 09:52:46 INFO auto_report 成功点击“原始数据查询”
2026-03-13 09:52:46 INFO auto_report 开始执行查询和导出流程...
2026-03-13 09:53:20 INFO auto_report 数据查询与导出流程完成，开始保存Excel报表...
2026-03-13 09:53:21 WARNING auto_report 检测到Excel进程，但没有打开的工作簿
2026-03-13 09:53:21 ERROR auto_report 未找到或保存任何Excel工作簿
2026-03-13 09:53:21 INFO auto_report 已关闭进程: XDKQ_HEC
2026-03-13 09:53:21 INFO auto_report 已关闭进程: EXCEL
2026-03-13 09:53:21 INFO auto_report HTTP "GET /run?token=18400021209 HTTP/1.1" 500 -
2026-03-13 09:53:29 INFO auto_report 客户端已启动，窗口句柄: 2295638
2026-03-13 09:53:38 INFO auto_report 登录操作执行完成
2026-03-13 09:53:38 INFO auto_report 正在查找并点击“原始数据查询”...
2026-03-13 09:53:39 INFO auto_report 成功点击“原始数据查询”
2026-03-13 09:53:39 INFO auto_report 开始执行查询和导出流程...
2026-03-13 09:54:13 INFO auto_report 数据查询与导出流程完成，开始保存Excel报表...
2026-03-13 09:54:13 WARNING auto_report 没有检测到正在运行的Excel进程
2026-03-13 09:54:13 ERROR auto_report 未找到或保存任何Excel工作簿
2026-03-13 09:54:13 INFO auto_report 已关闭进程: XDKQ_HEC
2026-03-13 09:54:14 INFO auto_report 已关闭进程: EXCEL
2026-03-13 09:54:14 INFO auto_report HTTP "GET /run?token=18400021209 HTTP/1.1" 500 -
