2026-03-21 09:24:14 INFO auto_report HTTP服务已启动: http://0.0.0.0:6648
2026-03-21 09:24:51 INFO auto_report 客户端已启动，窗口句柄: 5047950
2026-03-21 09:24:57 INFO auto_report 登录输入第 1/3 次尝试
2026-03-21 09:25:00 INFO auto_report 登录操作执行完成
2026-03-21 09:25:00 INFO auto_report 正在查找并点击[原始数据查询]...
2026-03-21 09:25:01 INFO auto_report 成功点击[原始数据查询]
2026-03-21 09:25:01 INFO auto_report 开始执行查询和导出流程...
2026-03-21 09:25:01 INFO auto_report 正在查找主界面[查询]按钮...
2026-03-21 09:25:02 INFO auto_report 点击主界面[查询]按钮
2026-03-21 09:25:07 INFO auto_report 正在等待[查询]窗口...
2026-03-21 09:25:07 INFO auto_report 当前可见窗口: ['', '先达考勤管理系统（当前版本：1.3.4.8） - [原始数据查询]']
2026-03-21 09:25:07 INFO auto_report 点击查询窗口[确定]按钮
2026-03-21 09:25:07 INFO auto_report 等待数据加载...
2026-03-21 09:25:12 INFO auto_report 正在查找[结果导出]按钮...
2026-03-21 09:25:12 WARNING auto_report 程序暂时未响应 (查找结果导出), 等待恢复 (最多60秒)...
2026-03-21 09:25:15 INFO auto_report 程序已恢复响应 (查找结果导出)
2026-03-21 09:25:21 INFO auto_report 已定位主窗口: 先达考勤管理系统（当前版本：1.3.4.8） - [原始数据查询]
2026-03-21 09:25:21 INFO auto_report 已执行Win32相邻按钮点击
2026-03-21 09:25:21 INFO auto_report 等待确认弹窗出现...
2026-03-21 09:25:24 INFO auto_report 正在确认导出(发送回车)...
2026-03-21 09:25:24 INFO auto_report 等待导出完成...
2026-03-21 09:25:39 INFO auto_report 数据查询与导出流程完成，开始保存Excel报表...
2026-03-21 09:25:39 INFO auto_report 第 1/6 次扫描: 检测到 1 个Excel实例
2026-03-21 09:25:39 INFO auto_report 清理了 1 个空Excel进程
2026-03-21 09:25:41 INFO auto_report 第 2/6 次扫描: 检测到 1 个Excel实例
2026-03-21 09:25:41 INFO auto_report 正在保存 工作簿1 (已优化Excel设置)...
2026-03-21 09:25:41 INFO auto_report 保存成功 (0.1秒): D:\auto_reports\工作簿1_20260321_092541_918868_1.xlsx
2026-03-21 09:25:41 INFO auto_report 共保存 1 个工作簿
2026-03-21 09:25:41 INFO auto_report Excel报表保存成功
2026-03-21 09:25:41 INFO auto_report 已关闭进程: XDKQ_HEC
2026-03-21 09:25:42 INFO auto_report 已关闭进程: EXCEL
2026-03-21 09:25:42 INFO auto_report HTTP "GET /run?token=18400021209 HTTP/1.1" 200 -
2026-03-21 09:26:09 INFO auto_report 客户端已启动，窗口句柄: 525384
2026-03-21 09:26:15 INFO auto_report 登录输入第 1/3 次尝试
2026-03-21 09:26:18 INFO auto_report 登录操作执行完成
2026-03-21 09:26:18 INFO auto_report 正在查找并点击[原始数据查询]...
2026-03-21 09:26:18 INFO auto_report 成功点击[原始数据查询]
2026-03-21 09:26:18 INFO auto_report 开始执行查询和导出流程...
2026-03-21 09:26:18 INFO auto_report 正在查找主界面[查询]按钮...
2026-03-21 09:26:20 INFO auto_report 点击主界面[查询]按钮
2026-03-21 09:26:25 INFO auto_report 正在等待[查询]窗口...
2026-03-21 09:26:25 INFO auto_report 当前可见窗口: ['', '先达考勤管理系统（当前版本：1.3.4.8） - [原始数据查询]']
2026-03-21 09:26:25 INFO auto_report 点击查询窗口[确定]按钮
2026-03-21 09:26:25 INFO auto_report 等待数据加载...
2026-03-21 09:26:30 INFO auto_report 正在查找[结果导出]按钮...
2026-03-21 09:26:30 WARNING auto_report 程序暂时未响应 (查找结果导出), 等待恢复 (最多60秒)...
2026-03-21 09:26:33 INFO auto_report 程序已恢复响应 (查找结果导出)
2026-03-21 09:26:39 INFO auto_report 已定位主窗口: 先达考勤管理系统（当前版本：1.3.4.8） - [原始数据查询]
2026-03-21 09:26:39 INFO auto_report 已执行Win32相邻按钮点击
2026-03-21 09:26:39 INFO auto_report 等待确认弹窗出现...
2026-03-21 09:26:42 INFO auto_report 正在确认导出(发送回车)...
2026-03-21 09:26:42 INFO auto_report 等待导出完成...
2026-03-21 09:26:57 INFO auto_report 数据查询与导出流程完成，开始保存Excel报表...
2026-03-21 09:26:57 INFO auto_report 第 1/6 次扫描: 检测到 1 个Excel实例
2026-03-21 09:26:57 INFO auto_report 清理了 1 个空Excel进程
2026-03-21 09:26:59 INFO auto_report 第 2/6 次扫描: 检测到 1 个Excel实例
2026-03-21 09:26:59 INFO auto_report 正在保存 工作簿1 (已优化Excel设置)...
2026-03-21 09:27:00 INFO auto_report 保存成功 (0.8秒): D:\auto_reports\工作簿1_20260321_092659_526626_1.xlsx
2026-03-21 09:27:00 INFO auto_report 共保存 1 个工作簿
2026-03-21 09:27:00 INFO auto_report Excel报表保存成功
2026-03-21 09:27:00 INFO auto_report 已关闭进程: XDKQ_HEC
2026-03-21 09:27:00 INFO auto_report 已关闭进程: EXCEL
2026-03-21 09:27:00 INFO auto_report HTTP "GET /run?token=18400021209 HTTP/1.1" 200 -
