2026-03-26 07:58:56 INFO auto_report HTTP服务已启动: http://0.0.0.0:6648
2026-03-26 07:59:02 INFO auto_report 客户端已启动，窗口句柄: 131946
2026-03-26 07:59:08 INFO auto_report 登录输入第 1/3 次尝试
2026-03-26 07:59:11 INFO auto_report 登录操作执行完成
2026-03-26 07:59:11 INFO auto_report 正在查找并点击[原始数据查询]...
2026-03-26 07:59:12 INFO auto_report 成功点击[原始数据查询]
2026-03-26 07:59:12 INFO auto_report 开始执行查询和导出流程...
2026-03-26 07:59:12 INFO auto_report 正在查找主界面[查询]按钮...
2026-03-26 07:59:13 INFO auto_report 点击主界面[查询]按钮
2026-03-26 07:59:18 INFO auto_report 正在等待[查询]窗口...
2026-03-26 07:59:18 INFO auto_report 当前可见窗口: ['', '先达考勤管理系统（当前版本：1.3.4.8） - [原始数据查询]']
2026-03-26 07:59:19 INFO auto_report 点击查询窗口[确定]按钮
2026-03-26 07:59:19 INFO auto_report 等待数据加载...
2026-03-26 07:59:24 WARNING auto_report 程序暂时未响应 (等待数据加载), 等待恢复 (最多60秒)...
2026-03-26 07:59:27 INFO auto_report 程序已恢复响应 (等待数据加载)
2026-03-26 07:59:29 INFO auto_report 正在查找[结果导出]按钮...
2026-03-26 07:59:34 INFO auto_report 已定位主窗口: 先达考勤管理系统（当前版本：1.3.4.8） - [原始数据查询]
2026-03-26 07:59:34 INFO auto_report 已执行Win32相邻按钮点击
2026-03-26 07:59:34 INFO auto_report 等待确认弹窗出现...
2026-03-26 07:59:37 INFO auto_report 正在确认导出(发送回车)...
2026-03-26 07:59:37 INFO auto_report 等待导出完成...
2026-03-26 07:59:52 INFO auto_report 数据查询与导出流程完成，开始保存Excel报表...
2026-03-26 07:59:52 INFO auto_report 第 1/6 次扫描: 检测到 1 个Excel实例
2026-03-26 07:59:53 INFO auto_report 清理了 1 个空Excel进程
2026-03-26 07:59:55 INFO auto_report 第 2/6 次扫描: 检测到 1 个Excel实例
2026-03-26 07:59:55 INFO auto_report 正在保存 工作簿1 (已优化Excel设置)...
2026-03-26 08:00:49 INFO auto_report 保存成功 (53.9秒): D:\auto_reports\工作簿1_20260326_075955_67112_1.xlsx
2026-03-26 08:01:59 INFO auto_report 共保存 1 个工作簿
2026-03-26 08:03:00 INFO auto_report Excel报表保存成功
2026-03-26 08:03:00 INFO auto_report 已关闭进程: XDKQ_HEC
2026-03-26 08:03:00 INFO auto_report 已关闭进程: EXCEL
2026-03-26 08:03:00 INFO auto_report HTTP "GET /run?token=18400021209 HTTP/1.1" 200 -
2026-03-26 16:12:57 INFO auto_report HTTP "GET /health?token=18400021209 HTTP/1.1" 200 -
2026-03-26 19:53:39 INFO auto_report 客户端已启动，窗口句柄: 460636
2026-03-26 19:53:45 INFO auto_report 登录输入第 1/3 次尝试
2026-03-26 19:53:48 INFO auto_report 登录操作执行完成
2026-03-26 19:53:48 INFO auto_report 正在查找并点击[原始数据查询]...
2026-03-26 19:53:49 INFO auto_report 成功点击[原始数据查询]
2026-03-26 19:53:49 INFO auto_report 开始执行查询和导出流程...
2026-03-26 19:53:49 INFO auto_report 正在查找主界面[查询]按钮...
2026-03-26 19:53:50 INFO auto_report 点击主界面[查询]按钮
2026-03-26 19:53:55 INFO auto_report 正在等待[查询]窗口...
2026-03-26 19:53:56 INFO auto_report 当前可见窗口: ['', '先达考勤管理系统（当前版本：1.3.4.8） - [原始数据查询]']
2026-03-26 19:53:56 INFO auto_report 点击查询窗口[确定]按钮
2026-03-26 19:53:56 INFO auto_report 等待数据加载...
2026-03-26 19:54:01 WARNING auto_report 程序暂时未响应 (等待数据加载), 等待恢复 (最多60秒)...
2026-03-26 19:54:04 INFO auto_report 程序已恢复响应 (等待数据加载)
2026-03-26 19:54:06 INFO auto_report 正在查找[结果导出]按钮...
2026-03-26 19:54:12 INFO auto_report 已定位主窗口: 先达考勤管理系统（当前版本：1.3.4.8） - [原始数据查询]
2026-03-26 19:54:12 INFO auto_report 已执行Win32相邻按钮点击
2026-03-26 19:54:12 INFO auto_report 等待确认弹窗出现...
2026-03-26 19:54:15 INFO auto_report 正在确认导出(发送回车)...
2026-03-26 19:54:15 INFO auto_report 等待导出完成...
2026-03-26 19:54:30 INFO auto_report 数据查询与导出流程完成，开始保存Excel报表...
2026-03-26 19:54:30 INFO auto_report 第 1/6 次扫描: 检测到 1 个Excel实例
2026-03-26 19:54:30 INFO auto_report 清理了 1 个空Excel进程
2026-03-26 19:54:32 INFO auto_report 第 2/6 次扫描: 检测到 1 个Excel实例
2026-03-26 19:54:32 INFO auto_report 正在保存 工作簿1 (已优化Excel设置)...
2026-03-26 19:54:32 INFO auto_report 保存成功 (0.2秒): D:\auto_reports\工作簿1_20260326_195432_918962_1.xlsx
2026-03-26 19:54:32 INFO auto_report 共保存 1 个工作簿
2026-03-26 19:54:32 INFO auto_report Excel报表保存成功
2026-03-26 19:54:32 INFO auto_report 已关闭进程: XDKQ_HEC
2026-03-26 19:54:33 INFO auto_report 已关闭进程: EXCEL
2026-03-26 19:54:33 INFO auto_report HTTP "GET /run?token=18400021209 HTTP/1.1" 200 -
2026-03-26 23:49:54 INFO auto_report HTTP "GET /run?token=18400021209 HTTP/1.1" 409 -
2026-03-26 23:49:54 INFO auto_report HTTP "GET /run?token=18400021209 HTTP/1.1" 409 -
2026-03-26 23:49:54 INFO auto_report HTTP "GET /run?token=18400021209 HTTP/1.1" 409 -
2026-03-26 23:49:55 INFO auto_report 客户端已启动，窗口句柄: 1640160
2026-03-26 23:50:01 INFO auto_report 登录输入第 1/3 次尝试
2026-03-26 23:50:04 INFO auto_report 登录操作执行完成
2026-03-26 23:50:04 INFO auto_report 正在查找并点击[原始数据查询]...
2026-03-26 23:50:04 INFO auto_report 成功点击[原始数据查询]
2026-03-26 23:50:04 INFO auto_report 开始执行查询和导出流程...
2026-03-26 23:50:04 INFO auto_report 正在查找主界面[查询]按钮...
2026-03-26 23:50:06 INFO auto_report 点击主界面[查询]按钮
2026-03-26 23:50:11 INFO auto_report 正在等待[查询]窗口...
2026-03-26 23:50:11 INFO auto_report 当前可见窗口: ['', '先达考勤管理系统（当前版本：1.3.4.8） - [原始数据查询]']
2026-03-26 23:50:12 INFO auto_report 点击查询窗口[确定]按钮
2026-03-26 23:50:12 INFO auto_report 等待数据加载...
2026-03-26 23:50:17 WARNING auto_report 程序暂时未响应 (等待数据加载), 等待恢复 (最多60秒)...
2026-03-26 23:50:20 WARNING auto_report 程序仍未响应 (等待数据加载), 剩余等待56秒...
2026-03-26 23:50:23 WARNING auto_report 程序仍未响应 (等待数据加载), 剩余等待53秒...
2026-03-26 23:50:24 INFO auto_report HTTP "GET /run?token=18400021209 HTTP/1.1" 409 -
2026-03-26 23:50:24 INFO auto_report HTTP "GET /run?token=18400021209 HTTP/1.1" 409 -
2026-03-26 23:50:24 INFO auto_report HTTP "GET /run?token=18400021209 HTTP/1.1" 409 -
2026-03-26 23:50:26 WARNING auto_report 程序仍未响应 (等待数据加载), 剩余等待50秒...
2026-03-26 23:50:29 WARNING auto_report 程序仍未响应 (等待数据加载), 剩余等待47秒...
2026-03-26 23:50:32 WARNING auto_report 程序仍未响应 (等待数据加载), 剩余等待44秒...
2026-03-26 23:50:35 WARNING auto_report 程序仍未响应 (等待数据加载), 剩余等待41秒...
2026-03-26 23:50:38 WARNING auto_report 程序仍未响应 (等待数据加载), 剩余等待38秒...
2026-03-26 23:50:41 WARNING auto_report 程序仍未响应 (等待数据加载), 剩余等待35秒...
2026-03-26 23:50:44 WARNING auto_report 程序仍未响应 (等待数据加载), 剩余等待32秒...
2026-03-26 23:50:47 WARNING auto_report 程序仍未响应 (等待数据加载), 剩余等待29秒...
2026-03-26 23:50:50 WARNING auto_report 程序仍未响应 (等待数据加载), 剩余等待26秒...
2026-03-26 23:50:53 WARNING auto_report 程序仍未响应 (等待数据加载), 剩余等待23秒...
2026-03-26 23:50:54 INFO auto_report HTTP "GET /run?token=18400021209 HTTP/1.1" 409 -
2026-03-26 23:50:54 INFO auto_report HTTP "GET /run?token=18400021209 HTTP/1.1" 409 -
2026-03-26 23:50:55 INFO auto_report HTTP "GET /run?token=18400021209 HTTP/1.1" 409 -
2026-03-26 23:50:56 WARNING auto_report 程序仍未响应 (等待数据加载), 剩余等待20秒...
2026-03-26 23:50:59 WARNING auto_report 程序仍未响应 (等待数据加载), 剩余等待17秒...
2026-03-26 23:51:02 WARNING auto_report 程序仍未响应 (等待数据加载), 剩余等待14秒...
2026-03-26 23:51:05 WARNING auto_report 程序仍未响应 (等待数据加载), 剩余等待11秒...
2026-03-26 23:51:08 WARNING auto_report 程序仍未响应 (等待数据加载), 剩余等待8秒...
2026-03-26 23:51:11 WARNING auto_report 程序仍未响应 (等待数据加载), 剩余等待5秒...
2026-03-26 23:51:14 WARNING auto_report 程序仍未响应 (等待数据加载), 剩余等待2秒...
2026-03-26 23:51:17 ERROR auto_report 自动化流程异常中断: 程序持续未响应超过60秒: 等待数据加载
2026-03-26 23:51:17 INFO auto_report 已关闭进程: XDKQ_HEC
2026-03-26 23:51:17 WARNING auto_report 未关闭进程或进程不存在: EXCEL
2026-03-26 23:51:17 INFO auto_report HTTP "GET /run?token=18400021209 HTTP/1.1" 500 -
2026-03-26 23:51:25 INFO auto_report HTTP "GET /run?token=18400021209 HTTP/1.1" 409 -
2026-03-26 23:51:25 INFO auto_report HTTP "GET /run?token=18400021209 HTTP/1.1" 409 -
2026-03-26 23:51:25 INFO auto_report 客户端已启动，窗口句柄: 525894
2026-03-26 23:51:31 INFO auto_report 登录输入第 1/3 次尝试
2026-03-26 23:51:34 INFO auto_report 登录操作执行完成
2026-03-26 23:51:34 INFO auto_report 正在查找并点击[原始数据查询]...
2026-03-26 23:51:35 INFO auto_report 成功点击[原始数据查询]
2026-03-26 23:51:35 INFO auto_report 开始执行查询和导出流程...
2026-03-26 23:51:35 INFO auto_report 正在查找主界面[查询]按钮...
2026-03-26 23:51:36 INFO auto_report 点击主界面[查询]按钮
2026-03-26 23:51:41 INFO auto_report 正在等待[查询]窗口...
2026-03-26 23:51:41 INFO auto_report 当前可见窗口: ['', '先达考勤管理系统（当前版本：1.3.4.8） - [原始数据查询]']
2026-03-26 23:51:42 INFO auto_report 点击查询窗口[确定]按钮
2026-03-26 23:51:42 INFO auto_report 等待数据加载...
2026-03-26 23:51:47 WARNING auto_report 程序暂时未响应 (等待数据加载), 等待恢复 (最多60秒)...
2026-03-26 23:51:47 INFO auto_report HTTP "GET /run?token=18400021209 HTTP/1.1" 409 -
2026-03-26 23:51:50 WARNING auto_report 程序仍未响应 (等待数据加载), 剩余等待56秒...
2026-03-26 23:51:53 WARNING auto_report 程序仍未响应 (等待数据加载), 剩余等待53秒...
2026-03-26 23:51:56 WARNING auto_report 程序仍未响应 (等待数据加载), 剩余等待50秒...
2026-03-26 23:51:59 WARNING auto_report 程序仍未响应 (等待数据加载), 剩余等待47秒...
2026-03-26 23:52:02 INFO auto_report 程序已恢复响应 (等待数据加载)
2026-03-26 23:52:04 INFO auto_report 正在查找[结果导出]按钮...
2026-03-26 23:52:10 INFO auto_report 已定位主窗口: 先达考勤管理系统（当前版本：1.3.4.8） - [原始数据查询]
2026-03-26 23:52:10 INFO auto_report 已执行Win32相邻按钮点击
2026-03-26 23:52:10 INFO auto_report 等待确认弹窗出现...
2026-03-26 23:52:13 INFO auto_report 正在确认导出(发送回车)...
2026-03-26 23:52:13 INFO auto_report 等待导出完成...
2026-03-26 23:52:17 INFO auto_report HTTP "GET /run?token=18400021209 HTTP/1.1" 409 -
2026-03-26 23:52:28 INFO auto_report 数据查询与导出流程完成，开始保存Excel报表...
2026-03-26 23:52:28 INFO auto_report 第 1/6 次扫描: 检测到 1 个Excel实例
2026-03-26 23:52:28 INFO auto_report 清理了 1 个空Excel进程
2026-03-26 23:52:30 INFO auto_report 第 2/6 次扫描: 检测到 1 个Excel实例
2026-03-26 23:52:30 INFO auto_report 正在保存 工作簿1 (已优化Excel设置)...
2026-03-26 23:52:30 INFO auto_report 保存成功 (0.2秒): D:\auto_reports\工作簿1_20260326_235230_788204_1.xlsx
2026-03-26 23:52:30 INFO auto_report 共保存 1 个工作簿
2026-03-26 23:52:30 INFO auto_report Excel报表保存成功
2026-03-26 23:52:31 INFO auto_report 已关闭进程: XDKQ_HEC
2026-03-26 23:52:31 INFO auto_report 已关闭进程: EXCEL
2026-03-26 23:52:31 INFO auto_report HTTP "GET /run?token=18400021209 HTTP/1.1" 200 -
2026-03-26 23:52:48 INFO auto_report 客户端已启动，窗口句柄: 524462
2026-03-26 23:52:54 INFO auto_report 登录输入第 1/3 次尝试
2026-03-26 23:52:57 INFO auto_report 登录操作执行完成
2026-03-26 23:52:57 INFO auto_report 正在查找并点击[原始数据查询]...
2026-03-26 23:52:58 INFO auto_report 成功点击[原始数据查询]
2026-03-26 23:52:58 INFO auto_report 开始执行查询和导出流程...
2026-03-26 23:52:58 INFO auto_report 正在查找主界面[查询]按钮...
2026-03-26 23:52:59 INFO auto_report 点击主界面[查询]按钮
2026-03-26 23:53:04 INFO auto_report 正在等待[查询]窗口...
2026-03-26 23:53:04 INFO auto_report 当前可见窗口: ['', '先达考勤管理系统（当前版本：1.3.4.8） - [原始数据查询]']
2026-03-26 23:53:05 INFO auto_report 点击查询窗口[确定]按钮
2026-03-26 23:53:05 INFO auto_report 等待数据加载...
2026-03-26 23:53:10 WARNING auto_report 程序暂时未响应 (等待数据加载), 等待恢复 (最多60秒)...
2026-03-26 23:53:13 INFO auto_report 程序已恢复响应 (等待数据加载)
2026-03-26 23:53:15 INFO auto_report 正在查找[结果导出]按钮...
2026-03-26 23:53:20 INFO auto_report 已定位主窗口: 先达考勤管理系统（当前版本：1.3.4.8） - [原始数据查询]
2026-03-26 23:53:20 INFO auto_report 已执行Win32相邻按钮点击
2026-03-26 23:53:20 INFO auto_report 等待确认弹窗出现...
2026-03-26 23:53:23 INFO auto_report 正在确认导出(发送回车)...
2026-03-26 23:53:23 INFO auto_report 等待导出完成...
2026-03-26 23:53:38 INFO auto_report 数据查询与导出流程完成，开始保存Excel报表...
2026-03-26 23:53:38 INFO auto_report 第 1/6 次扫描: 检测到 1 个Excel实例
2026-03-26 23:53:39 INFO auto_report 清理了 1 个空Excel进程
2026-03-26 23:53:41 INFO auto_report 第 2/6 次扫描: 检测到 1 个Excel实例
2026-03-26 23:53:41 INFO auto_report 正在保存 工作簿1 (已优化Excel设置)...
2026-03-26 23:53:41 INFO auto_report 保存成功 (0.2秒): D:\auto_reports\工作簿1_20260326_235341_526736_1.xlsx
2026-03-26 23:53:41 INFO auto_report 共保存 1 个工作簿
2026-03-26 23:53:41 INFO auto_report Excel报表保存成功
2026-03-26 23:53:41 INFO auto_report 已关闭进程: XDKQ_HEC
2026-03-26 23:53:41 INFO auto_report 已关闭进程: EXCEL
2026-03-26 23:53:41 INFO auto_report HTTP "GET /run?token=18400021209 HTTP/1.1" 200 -
2026-03-27 08:10:32 INFO auto_report HTTP "GET /health?token=18400021209 HTTP/1.1" 200 -
2026-03-27 11:28:02 INFO auto_report HTTP "GET /health?token=18400021209 HTTP/1.1" 200 -
2026-03-27 11:36:56 INFO auto_report HTTP "GET /favicon.ico HTTP/1.1" 404 -
2026-03-27 11:36:56 INFO auto_report HTTP "GET /favicon.ico HTTP/1.1" 404 -
2026-03-27 11:36:56 INFO auto_report HTTP "GET /favicon.ico HTTP/1.1" 404 -
2026-03-27 11:36:56 INFO auto_report HTTP "GET /favicon.ico HTTP/1.1" 404 -
2026-03-27 11:36:56 INFO auto_report HTTP "GET /favicon.ico HTTP/1.1" 404 -
2026-03-27 11:36:56 INFO auto_report HTTP "GET /favicon.ico HTTP/1.1" 404 -
2026-03-27 11:36:56 INFO auto_report HTTP "GET /favicon.ico HTTP/1.1" 404 -
2026-03-27 11:36:56 INFO auto_report HTTP "GET /favicon.ico HTTP/1.1" 404 -
2026-03-27 11:36:56 INFO auto_report HTTP "GET /favicon.ico HTTP/1.1" 404 -
2026-03-27 11:36:56 INFO auto_report HTTP "GET /favicon.ico HTTP/1.1" 404 -
2026-03-27 11:36:56 INFO auto_report HTTP "GET /favicon.ico HTTP/1.1" 404 -
2026-03-27 11:36:56 INFO auto_report HTTP "GET /favicon.ico HTTP/1.1" 404 -
2026-03-27 11:36:56 INFO auto_report HTTP "GET /favicon.ico HTTP/1.1" 404 -
2026-03-27 11:36:56 INFO auto_report HTTP "GET /favicon.ico HTTP/1.1" 404 -
2026-03-27 11:36:56 INFO auto_report HTTP "GET /favicon.ico HTTP/1.1" 404 -
2026-03-27 11:36:56 INFO auto_report HTTP "GET /favicon.ico HTTP/1.1" 404 -
2026-03-27 11:40:40 INFO auto_report HTTP "GET /favicon.ico HTTP/1.1" 404 -
2026-03-27 11:40:40 INFO auto_report HTTP "GET /favicon.ico HTTP/1.1" 404 -
2026-03-27 11:40:40 INFO auto_report HTTP "GET /favicon.ico HTTP/1.1" 404 -
2026-03-27 11:40:40 INFO auto_report HTTP "GET /favicon.ico HTTP/1.1" 404 -
2026-03-27 11:40:40 INFO auto_report HTTP "GET /favicon.ico HTTP/1.1" 404 -
2026-03-27 11:40:40 INFO auto_report HTTP "GET /favicon.ico HTTP/1.1" 404 -
2026-03-27 11:40:40 INFO auto_report HTTP "GET /favicon.ico HTTP/1.1" 404 -
2026-03-27 11:40:40 INFO auto_report HTTP "GET /favicon.ico HTTP/1.1" 404 -
2026-03-27 11:40:40 INFO auto_report HTTP "GET /favicon.ico HTTP/1.1" 404 -
2026-03-27 11:40:40 INFO auto_report HTTP "GET /favicon.ico HTTP/1.1" 404 -
2026-03-27 11:40:40 INFO auto_report HTTP "GET /favicon.ico HTTP/1.1" 404 -
2026-03-27 11:40:40 INFO auto_report HTTP "GET /favicon.ico HTTP/1.1" 404 -
2026-03-27 11:40:40 INFO auto_report HTTP "GET /favicon.ico HTTP/1.1" 404 -
2026-03-27 11:40:40 INFO auto_report HTTP "GET /favicon.ico HTTP/1.1" 404 -
2026-03-27 11:40:41 INFO auto_report HTTP "GET /favicon.ico HTTP/1.1" 404 -
2026-03-27 11:40:41 INFO auto_report HTTP "GET /favicon.ico HTTP/1.1" 404 -
2026-03-27 11:40:41 INFO auto_report HTTP "GET /favicon.ico HTTP/1.1" 404 -
2026-03-27 11:40:41 INFO auto_report HTTP "GET /favicon.ico HTTP/1.1" 404 -
2026-03-27 11:40:41 INFO auto_report HTTP "GET /favicon.ico HTTP/1.1" 404 -
2026-03-27 11:40:41 INFO auto_report HTTP "GET /favicon.ico HTTP/1.1" 404 -
2026-03-27 11:40:41 INFO auto_report HTTP "GET /favicon.ico HTTP/1.1" 404 -
2026-03-27 11:40:41 INFO auto_report HTTP "GET /favicon.ico HTTP/1.1" 404 -
2026-03-27 11:40:41 INFO auto_report HTTP "GET /favicon.ico HTTP/1.1" 404 -
2026-03-27 11:40:41 INFO auto_report HTTP "GET /favicon.ico HTTP/1.1" 404 -
2026-03-27 11:40:41 INFO auto_report HTTP "GET /favicon.ico HTTP/1.1" 404 -
2026-03-27 11:40:41 INFO auto_report HTTP "GET /favicon.ico HTTP/1.1" 404 -
2026-03-27 11:40:41 INFO auto_report HTTP "GET /favicon.ico HTTP/1.1" 404 -
2026-03-27 11:40:41 INFO auto_report HTTP "GET /favicon.ico HTTP/1.1" 404 -
2026-03-27 11:40:41 INFO auto_report HTTP "GET /favicon.ico HTTP/1.1" 404 -
2026-03-27 11:40:41 INFO auto_report HTTP "GET /favicon.ico HTTP/1.1" 404 -
2026-03-27 11:40:41 INFO auto_report HTTP "GET /favicon.ico HTTP/1.1" 404 -
2026-03-27 11:40:41 INFO auto_report HTTP "GET /favicon.ico HTTP/1.1" 404 -
2026-03-27 11:40:41 INFO auto_report HTTP "GET /favicon.ico HTTP/1.1" 404 -
2026-03-27 11:40:41 INFO auto_report HTTP "GET /favicon.ico HTTP/1.1" 404 -
2026-03-27 11:40:41 INFO auto_report HTTP "GET /favicon.ico HTTP/1.1" 404 -
2026-03-27 11:40:41 INFO auto_report HTTP "GET /favicon.ico HTTP/1.1" 404 -
2026-03-27 11:40:41 INFO auto_report HTTP "GET /favicon.ico HTTP/1.1" 404 -
2026-03-27 11:40:41 INFO auto_report HTTP "GET /favicon.ico HTTP/1.1" 404 -
2026-03-27 11:40:41 INFO auto_report HTTP "GET /favicon.ico HTTP/1.1" 404 -
2026-03-27 11:40:41 INFO auto_report HTTP "GET /favicon.ico HTTP/1.1" 404 -
2026-03-27 11:40:41 INFO auto_report HTTP "GET /favicon.ico HTTP/1.1" 404 -
2026-03-27 11:40:41 INFO auto_report HTTP "GET /favicon.ico HTTP/1.1" 404 -
2026-03-27 11:40:41 INFO auto_report HTTP "GET /favicon.ico HTTP/1.1" 404 -
2026-03-27 11:40:41 INFO auto_report HTTP "GET /favicon.ico HTTP/1.1" 404 -
2026-03-27 11:40:41 INFO auto_report HTTP "GET /favicon.ico HTTP/1.1" 404 -
2026-03-27 11:40:41 INFO auto_report HTTP "GET /favicon.ico HTTP/1.1" 404 -
2026-03-27 11:40:41 INFO auto_report HTTP "GET /favicon.ico HTTP/1.1" 404 -
2026-03-27 11:40:41 INFO auto_report HTTP "GET /favicon.ico HTTP/1.1" 404 -
2026-03-27 11:40:41 INFO auto_report HTTP "GET /favicon.ico HTTP/1.1" 404 -
2026-03-27 11:40:41 INFO auto_report HTTP "GET /favicon.ico HTTP/1.1" 404 -
2026-03-27 11:40:41 INFO auto_report HTTP "GET /favicon.ico HTTP/1.1" 404 -
2026-03-27 11:40:41 INFO auto_report HTTP "GET /favicon.ico HTTP/1.1" 404 -
2026-03-27 11:40:41 INFO auto_report HTTP "GET /favicon.ico HTTP/1.1" 404 -
2026-03-27 11:40:41 INFO auto_report HTTP "GET /favicon.ico HTTP/1.1" 404 -
2026-03-27 11:40:41 INFO auto_report HTTP "GET /favicon.ico HTTP/1.1" 404 -
2026-03-27 11:40:41 INFO auto_report HTTP "GET /favicon.ico HTTP/1.1" 404 -
2026-03-27 11:40:41 INFO auto_report HTTP "GET /favicon.ico HTTP/1.1" 404 -
2026-03-27 11:40:41 INFO auto_report HTTP "GET /favicon.ico HTTP/1.1" 404 -
2026-03-27 11:40:41 INFO auto_report HTTP "GET /favicon.ico HTTP/1.1" 404 -
2026-03-27 11:40:41 INFO auto_report HTTP "GET /favicon.ico HTTP/1.1" 404 -
2026-03-27 11:40:41 INFO auto_report HTTP "GET /favicon.ico HTTP/1.1" 404 -
2026-03-27 11:40:41 INFO auto_report HTTP "GET /favicon.ico HTTP/1.1" 404 -
2026-03-27 11:40:41 INFO auto_report HTTP "GET /favicon.ico HTTP/1.1" 404 -
2026-03-27 11:40:41 INFO auto_report HTTP "GET /favicon.ico HTTP/1.1" 404 -
2026-03-27 11:40:41 INFO auto_report HTTP "GET /favicon.ico HTTP/1.1" 404 -
2026-03-27 11:40:41 INFO auto_report HTTP "GET /favicon.ico HTTP/1.1" 404 -
2026-03-27 11:40:41 INFO auto_report HTTP "GET /favicon.ico HTTP/1.1" 404 -
2026-03-27 11:40:41 INFO auto_report HTTP "GET /favicon.ico HTTP/1.1" 404 -
2026-03-27 11:40:41 INFO auto_report HTTP "GET /favicon.ico HTTP/1.1" 404 -
2026-03-27 11:40:41 INFO auto_report HTTP "GET /favicon.ico HTTP/1.1" 404 -
2026-03-27 11:40:41 INFO auto_report HTTP "GET /favicon.ico HTTP/1.1" 404 -
2026-03-27 11:40:41 INFO auto_report HTTP "GET /favicon.ico HTTP/1.1" 404 -
2026-03-27 11:40:42 INFO auto_report HTTP "GET /favicon.ico HTTP/1.1" 404 -
2026-03-27 11:40:42 INFO auto_report HTTP "GET /favicon.ico HTTP/1.1" 404 -
2026-03-27 11:40:42 INFO auto_report HTTP "GET /favicon.ico HTTP/1.1" 404 -
2026-03-27 11:40:42 INFO auto_report HTTP "GET /favicon.ico HTTP/1.1" 404 -
2026-03-27 11:40:42 INFO auto_report HTTP "GET /favicon.ico HTTP/1.1" 404 -
2026-03-27 11:40:42 INFO auto_report HTTP "GET /favicon.ico HTTP/1.1" 404 -
2026-03-27 11:40:42 INFO auto_report HTTP "GET /favicon.ico HTTP/1.1" 404 -
2026-03-27 11:40:42 INFO auto_report HTTP "GET /favicon.ico HTTP/1.1" 404 -
2026-03-27 11:40:42 INFO auto_report HTTP "GET /favicon.ico HTTP/1.1" 404 -
2026-03-27 11:40:42 INFO auto_report HTTP "GET /favicon.ico HTTP/1.1" 404 -
2026-03-27 11:40:42 INFO auto_report HTTP "GET /favicon.ico HTTP/1.1" 404 -
2026-03-27 11:40:42 INFO auto_report HTTP "GET /favicon.ico HTTP/1.1" 404 -
2026-03-27 11:40:42 INFO auto_report HTTP "GET /favicon.ico HTTP/1.1" 404 -
2026-03-27 11:40:42 INFO auto_report HTTP "GET /favicon.ico HTTP/1.1" 404 -
2026-03-27 11:40:42 INFO auto_report HTTP "GET /favicon.ico HTTP/1.1" 404 -
2026-03-27 11:40:42 INFO auto_report HTTP "GET /favicon.ico HTTP/1.1" 404 -
2026-03-27 11:40:42 INFO auto_report HTTP "GET /favicon.ico HTTP/1.1" 404 -
2026-03-27 11:40:42 INFO auto_report HTTP "GET /favicon.ico HTTP/1.1" 404 -
2026-03-27 11:40:42 INFO auto_report HTTP "GET /favicon.ico HTTP/1.1" 404 -
2026-03-27 11:40:42 INFO auto_report HTTP "GET /favicon.ico HTTP/1.1" 404 -
2026-03-27 11:40:42 INFO auto_report HTTP "GET /favicon.ico HTTP/1.1" 404 -
2026-03-27 11:40:42 INFO auto_report HTTP "GET /favicon.ico HTTP/1.1" 404 -
2026-03-27 11:40:42 INFO auto_report HTTP "GET /favicon.ico HTTP/1.1" 404 -
2026-03-27 11:40:42 INFO auto_report HTTP "GET /favicon.ico HTTP/1.1" 404 -
2026-03-27 11:40:42 INFO auto_report HTTP "GET /favicon.ico HTTP/1.1" 404 -
2026-03-27 11:40:42 INFO auto_report HTTP "GET /favicon.ico HTTP/1.1" 404 -
2026-03-27 11:40:42 INFO auto_report HTTP "GET /favicon.ico HTTP/1.1" 404 -
2026-03-27 11:40:42 INFO auto_report HTTP "GET /favicon.ico HTTP/1.1" 404 -
2026-03-27 11:40:42 INFO auto_report HTTP "GET /favicon.ico HTTP/1.1" 404 -
2026-03-27 11:40:42 INFO auto_report HTTP "GET /favicon.ico HTTP/1.1" 404 -
2026-03-27 11:40:42 INFO auto_report HTTP "GET /favicon.ico HTTP/1.1" 404 -
2026-03-27 11:40:42 INFO auto_report HTTP "GET /favicon.ico HTTP/1.1" 404 -
2026-03-27 11:40:42 INFO auto_report HTTP "GET /favicon.ico HTTP/1.1" 404 -
2026-03-27 11:40:42 INFO auto_report HTTP "GET /favicon.ico HTTP/1.1" 404 -
2026-03-27 11:40:42 INFO auto_report HTTP "GET /favicon.ico HTTP/1.1" 404 -
2026-03-27 11:40:42 INFO auto_report HTTP "GET /favicon.ico HTTP/1.1" 404 -
2026-03-27 11:40:42 INFO auto_report HTTP "GET /favicon.ico HTTP/1.1" 404 -
2026-03-27 11:40:42 INFO auto_report HTTP "GET /favicon.ico HTTP/1.1" 404 -
2026-03-27 11:40:42 INFO auto_report HTTP "GET /favicon.ico HTTP/1.1" 404 -
2026-03-27 11:40:42 INFO auto_report HTTP "GET /favicon.ico HTTP/1.1" 404 -
2026-03-27 11:40:42 INFO auto_report HTTP "GET /favicon.ico HTTP/1.1" 404 -
2026-03-27 11:40:42 INFO auto_report HTTP "GET /favicon.ico HTTP/1.1" 404 -
2026-03-27 11:40:42 INFO auto_report HTTP "GET /favicon.ico HTTP/1.1" 404 -
2026-03-27 11:40:42 INFO auto_report HTTP "GET /favicon.ico HTTP/1.1" 404 -
2026-03-27 11:40:42 INFO auto_report HTTP "GET /favicon.ico HTTP/1.1" 404 -
2026-03-27 11:40:42 INFO auto_report HTTP "GET /favicon.ico HTTP/1.1" 404 -
2026-03-27 11:40:42 INFO auto_report HTTP "GET /favicon.ico HTTP/1.1" 404 -
2026-03-27 11:40:42 INFO auto_report HTTP "GET /favicon.ico HTTP/1.1" 404 -
2026-03-27 11:40:42 INFO auto_report HTTP "GET /favicon.ico HTTP/1.1" 404 -
2026-03-27 11:40:42 INFO auto_report HTTP "GET /favicon.ico HTTP/1.1" 404 -
2026-03-27 11:40:42 INFO auto_report HTTP "GET /favicon.ico HTTP/1.1" 404 -
2026-03-27 11:40:42 INFO auto_report HTTP "GET /favicon.ico HTTP/1.1" 404 -
2026-03-27 11:40:42 INFO auto_report HTTP "GET /favicon.ico HTTP/1.1" 404 -
2026-03-27 11:40:42 INFO auto_report HTTP "GET /favicon.ico HTTP/1.1" 404 -
2026-03-27 11:40:42 INFO auto_report HTTP "GET /favicon.ico HTTP/1.1" 404 -
2026-03-27 11:40:42 INFO auto_report HTTP "GET /favicon.ico HTTP/1.1" 404 -
2026-03-27 11:40:42 INFO auto_report HTTP "GET /favicon.ico HTTP/1.1" 404 -
2026-03-27 11:40:42 INFO auto_report HTTP "GET /favicon.ico HTTP/1.1" 404 -
2026-03-27 11:40:42 INFO auto_report HTTP "GET /favicon.ico HTTP/1.1" 404 -
2026-03-27 11:40:42 INFO auto_report HTTP "GET /favicon.ico HTTP/1.1" 404 -
2026-03-27 11:40:43 INFO auto_report HTTP "GET /favicon.ico HTTP/1.1" 404 -
2026-03-27 11:40:43 INFO auto_report HTTP "GET /favicon.ico HTTP/1.1" 404 -
2026-03-27 11:40:43 INFO auto_report HTTP "GET /favicon.ico HTTP/1.1" 404 -
2026-03-27 11:40:43 INFO auto_report HTTP "GET /favicon.ico HTTP/1.1" 404 -
2026-03-27 11:40:43 INFO auto_report HTTP "GET /favicon.ico HTTP/1.1" 404 -
2026-03-27 11:40:43 INFO auto_report HTTP "GET /favicon.ico HTTP/1.1" 404 -
2026-03-27 11:40:43 INFO auto_report HTTP "GET /favicon.ico HTTP/1.1" 404 -
2026-03-27 11:40:43 INFO auto_report HTTP "GET /favicon.ico HTTP/1.1" 404 -
2026-03-27 11:40:43 INFO auto_report HTTP "GET /favicon.ico HTTP/1.1" 404 -
2026-03-27 11:40:43 INFO auto_report HTTP "GET /favicon.ico HTTP/1.1" 404 -
2026-03-27 11:40:43 INFO auto_report HTTP "GET /favicon.ico HTTP/1.1" 404 -
2026-03-27 11:40:43 INFO auto_report HTTP "GET /favicon.ico HTTP/1.1" 404 -
2026-03-27 11:40:43 INFO auto_report HTTP "GET /favicon.ico HTTP/1.1" 404 -
2026-03-27 13:09:33 INFO auto_report HTTP "GET /health?token=18400021209 HTTP/1.1" 200 -
2026-03-27 23:49:50 INFO auto_report HTTP "GET /run?token=18400021209 HTTP/1.1" 409 -
2026-03-27 23:49:50 INFO auto_report HTTP "GET /run?token=18400021209 HTTP/1.1" 409 -
2026-03-27 23:49:50 INFO auto_report HTTP "GET /run?token=18400021209 HTTP/1.1" 409 -
2026-03-27 23:49:51 INFO auto_report 客户端已启动，窗口句柄: 852534
2026-03-27 23:49:57 INFO auto_report 登录输入第 1/3 次尝试
2026-03-27 23:50:00 INFO auto_report 登录操作执行完成
2026-03-27 23:50:00 INFO auto_report 正在查找并点击[原始数据查询]...
2026-03-27 23:50:01 INFO auto_report 成功点击[原始数据查询]
2026-03-27 23:50:01 INFO auto_report 开始执行查询和导出流程...
2026-03-27 23:50:01 INFO auto_report 正在查找主界面[查询]按钮...
2026-03-27 23:50:02 INFO auto_report 点击主界面[查询]按钮
2026-03-27 23:50:07 INFO auto_report 正在等待[查询]窗口...
2026-03-27 23:50:07 INFO auto_report 当前可见窗口: ['', '先达考勤管理系统（当前版本：1.3.4.8） - [原始数据查询]']
2026-03-27 23:50:08 INFO auto_report 点击查询窗口[确定]按钮
2026-03-27 23:50:08 INFO auto_report 等待数据加载...
2026-03-27 23:50:13 WARNING auto_report 程序暂时未响应 (等待数据加载), 等待恢复 (最多60秒)...
2026-03-27 23:50:16 INFO auto_report 程序已恢复响应 (等待数据加载)
2026-03-27 23:50:18 INFO auto_report 正在查找[结果导出]按钮...
2026-03-27 23:50:20 INFO auto_report HTTP "GET /run?token=18400021209 HTTP/1.1" 409 -
2026-03-27 23:50:20 INFO auto_report HTTP "GET /run?token=18400021209 HTTP/1.1" 409 -
2026-03-27 23:50:20 INFO auto_report HTTP "GET /run?token=18400021209 HTTP/1.1" 409 -
2026-03-27 23:50:24 INFO auto_report 已定位主窗口: 先达考勤管理系统（当前版本：1.3.4.8） - [原始数据查询]
2026-03-27 23:50:24 INFO auto_report 已执行Win32相邻按钮点击
2026-03-27 23:50:24 INFO auto_report 等待确认弹窗出现...
2026-03-27 23:50:27 INFO auto_report 正在确认导出(发送回车)...
2026-03-27 23:50:27 INFO auto_report 等待导出完成...
2026-03-27 23:50:42 INFO auto_report 数据查询与导出流程完成，开始保存Excel报表...
2026-03-27 23:50:42 INFO auto_report 第 1/6 次扫描: 检测到 1 个Excel实例
2026-03-27 23:50:42 INFO auto_report 清理了 1 个空Excel进程
2026-03-27 23:50:44 INFO auto_report 第 2/6 次扫描: 检测到 1 个Excel实例
2026-03-27 23:50:45 INFO auto_report 正在保存 工作簿1 (已优化Excel设置)...
2026-03-27 23:50:50 INFO auto_report HTTP "GET /run?token=18400021209 HTTP/1.1" 409 -
2026-03-27 23:50:51 INFO auto_report HTTP "GET /run?token=18400021209 HTTP/1.1" 409 -
2026-03-27 23:50:51 INFO auto_report HTTP "GET /run?token=18400021209 HTTP/1.1" 409 -
2026-03-27 23:51:21 INFO auto_report HTTP "GET /run?token=18400021209 HTTP/1.1" 409 -
2026-03-27 23:51:21 INFO auto_report HTTP "GET /run?token=18400021209 HTTP/1.1" 409 -
2026-03-27 23:51:21 INFO auto_report HTTP "GET /run?token=18400021209 HTTP/1.1" 409 -
2026-03-27 23:52:35 INFO auto_report 保存成功 (110.4秒): D:\auto_reports\工作簿1_20260327_235045_722766_1.xlsx
2026-03-27 23:52:35 INFO auto_report 共保存 1 个工作簿
2026-03-27 23:52:35 INFO auto_report Excel报表保存成功
2026-03-27 23:52:35 INFO auto_report 已关闭进程: XDKQ_HEC
2026-03-27 23:52:36 INFO auto_report 已关闭进程: EXCEL
2026-03-27 23:52:36 INFO auto_report HTTP "GET /run?token=18400021209 HTTP/1.1" 200 -
2026-03-28 23:49:46 INFO auto_report HTTP "GET /run?token=18400021209 HTTP/1.1" 409 -
2026-03-28 23:49:46 INFO auto_report HTTP "GET /run?token=18400021209 HTTP/1.1" 409 -
2026-03-28 23:49:46 INFO auto_report HTTP "GET /run?token=18400021209 HTTP/1.1" 409 -
2026-03-28 23:49:47 INFO auto_report 客户端已启动，窗口句柄: 1638824
2026-03-28 23:49:53 INFO auto_report 登录输入第 1/3 次尝试
2026-03-28 23:49:56 INFO auto_report 登录操作执行完成
2026-03-28 23:49:56 INFO auto_report 正在查找并点击[原始数据查询]...
2026-03-28 23:49:57 INFO auto_report 成功点击[原始数据查询]
2026-03-28 23:49:57 INFO auto_report 开始执行查询和导出流程...
2026-03-28 23:49:57 INFO auto_report 正在查找主界面[查询]按钮...
2026-03-28 23:49:58 INFO auto_report 点击主界面[查询]按钮
2026-03-28 23:50:03 INFO auto_report 正在等待[查询]窗口...
2026-03-28 23:50:04 INFO auto_report 当前可见窗口: ['', '先达考勤管理系统（当前版本：1.3.4.8） - [原始数据查询]']
2026-03-28 23:50:04 INFO auto_report 点击查询窗口[确定]按钮
2026-03-28 23:50:04 INFO auto_report 等待数据加载...
2026-03-28 23:50:09 WARNING auto_report 程序暂时未响应 (等待数据加载), 等待恢复 (最多60秒)...
2026-03-28 23:50:12 INFO auto_report 程序已恢复响应 (等待数据加载)
2026-03-28 23:50:14 INFO auto_report 正在查找[结果导出]按钮...
2026-03-28 23:50:17 INFO auto_report HTTP "GET /run?token=18400021209 HTTP/1.1" 409 -
2026-03-28 23:50:17 INFO auto_report HTTP "GET /run?token=18400021209 HTTP/1.1" 409 -
2026-03-28 23:50:17 INFO auto_report HTTP "GET /run?token=18400021209 HTTP/1.1" 409 -
2026-03-28 23:50:21 INFO auto_report 已定位主窗口: 先达考勤管理系统（当前版本：1.3.4.8） - [原始数据查询]
2026-03-28 23:50:21 INFO auto_report 已执行Win32相邻按钮点击
2026-03-28 23:50:21 INFO auto_report 等待确认弹窗出现...
2026-03-28 23:50:24 INFO auto_report 正在确认导出(发送回车)...
2026-03-28 23:50:24 INFO auto_report 等待导出完成...
2026-03-28 23:50:39 INFO auto_report 数据查询与导出流程完成，开始保存Excel报表...
2026-03-28 23:50:39 INFO auto_report 第 1/6 次扫描: 检测到 1 个Excel实例
2026-03-28 23:50:39 INFO auto_report 清理了 1 个空Excel进程
2026-03-28 23:50:41 INFO auto_report 第 2/6 次扫描: 检测到 1 个Excel实例
2026-03-28 23:50:42 INFO auto_report 正在保存 工作簿1 (已优化Excel设置)...
2026-03-28 23:50:47 INFO auto_report HTTP "GET /run?token=18400021209 HTTP/1.1" 409 -
2026-03-28 23:50:47 INFO auto_report HTTP "GET /run?token=18400021209 HTTP/1.1" 409 -
2026-03-28 23:50:47 INFO auto_report HTTP "GET /run?token=18400021209 HTTP/1.1" 409 -
2026-03-28 23:51:17 INFO auto_report HTTP "GET /run?token=18400021209 HTTP/1.1" 409 -
2026-03-28 23:51:17 INFO auto_report HTTP "GET /run?token=18400021209 HTTP/1.1" 409 -
2026-03-28 23:51:17 INFO auto_report HTTP "GET /run?token=18400021209 HTTP/1.1" 409 -
2026-03-28 23:52:32 INFO auto_report 保存成功 (110.4秒): D:\auto_reports\工作簿1_20260328_235041_1247246_1.xlsx
2026-03-28 23:52:32 INFO auto_report 共保存 1 个工作簿
2026-03-28 23:52:32 INFO auto_report Excel报表保存成功
2026-03-28 23:52:32 INFO auto_report 已关闭进程: XDKQ_HEC
2026-03-28 23:52:32 INFO auto_report 已关闭进程: EXCEL
2026-03-28 23:52:32 INFO auto_report HTTP "GET /run?token=18400021209 HTTP/1.1" 200 -
2026-03-29 23:49:42 INFO auto_report HTTP "GET /run?token=18400021209 HTTP/1.1" 409 -
2026-03-29 23:49:42 INFO auto_report HTTP "GET /run?token=18400021209 HTTP/1.1" 409 -
2026-03-29 23:49:42 INFO auto_report HTTP "GET /run?token=18400021209 HTTP/1.1" 409 -
2026-03-29 23:49:43 INFO auto_report 客户端已启动，窗口句柄: 15597746
2026-03-29 23:49:49 INFO auto_report 登录输入第 1/3 次尝试
2026-03-29 23:49:52 INFO auto_report 登录操作执行完成
2026-03-29 23:49:52 INFO auto_report 正在查找并点击[原始数据查询]...
2026-03-29 23:49:53 INFO auto_report 成功点击[原始数据查询]
2026-03-29 23:49:53 INFO auto_report 开始执行查询和导出流程...
2026-03-29 23:49:53 INFO auto_report 正在查找主界面[查询]按钮...
2026-03-29 23:49:54 INFO auto_report 点击主界面[查询]按钮
2026-03-29 23:49:59 INFO auto_report 正在等待[查询]窗口...
2026-03-29 23:50:00 INFO auto_report 当前可见窗口: ['', '先达考勤管理系统（当前版本：1.3.4.8） - [原始数据查询]']
2026-03-29 23:50:00 INFO auto_report 点击查询窗口[确定]按钮
2026-03-29 23:50:00 INFO auto_report 等待数据加载...
2026-03-29 23:50:05 WARNING auto_report 程序暂时未响应 (等待数据加载), 等待恢复 (最多60秒)...
2026-03-29 23:50:08 INFO auto_report 程序已恢复响应 (等待数据加载)
2026-03-29 23:50:10 INFO auto_report 正在查找[结果导出]按钮...
2026-03-29 23:50:13 INFO auto_report HTTP "GET /run?token=18400021209 HTTP/1.1" 409 -
2026-03-29 23:50:13 INFO auto_report HTTP "GET /run?token=18400021209 HTTP/1.1" 409 -
2026-03-29 23:50:13 INFO auto_report HTTP "GET /run?token=18400021209 HTTP/1.1" 409 -
2026-03-29 23:50:17 INFO auto_report 已定位主窗口: 先达考勤管理系统（当前版本：1.3.4.8） - [原始数据查询]
2026-03-29 23:50:17 INFO auto_report 已执行Win32相邻按钮点击
2026-03-29 23:50:17 INFO auto_report 等待确认弹窗出现...
2026-03-29 23:50:20 INFO auto_report 正在确认导出(发送回车)...
2026-03-29 23:50:20 INFO auto_report 等待导出完成...
2026-03-29 23:50:35 INFO auto_report 数据查询与导出流程完成，开始保存Excel报表...
2026-03-29 23:50:35 INFO auto_report 第 1/6 次扫描: 检测到 1 个Excel实例
2026-03-29 23:50:35 INFO auto_report 清理了 1 个空Excel进程
2026-03-29 23:50:37 INFO auto_report 第 2/6 次扫描: 检测到 1 个Excel实例
2026-03-29 23:50:37 INFO auto_report 正在保存 工作簿1 (已优化Excel设置)...
2026-03-29 23:50:43 INFO auto_report HTTP "GET /run?token=18400021209 HTTP/1.1" 409 -
2026-03-29 23:50:43 INFO auto_report HTTP "GET /run?token=18400021209 HTTP/1.1" 409 -
2026-03-29 23:50:43 INFO auto_report HTTP "GET /run?token=18400021209 HTTP/1.1" 409 -
2026-03-29 23:51:13 INFO auto_report HTTP "GET /run?token=18400021209 HTTP/1.1" 409 -
2026-03-29 23:51:13 INFO auto_report HTTP "GET /run?token=18400021209 HTTP/1.1" 409 -
2026-03-29 23:51:13 INFO auto_report HTTP "GET /run?token=18400021209 HTTP/1.1" 409 -
2026-03-29 23:52:28 INFO auto_report 保存成功 (110.4秒): D:\auto_reports\工作簿1_20260329_235037_788072_1.xlsx
2026-03-29 23:52:28 INFO auto_report 共保存 1 个工作簿
2026-03-29 23:52:28 INFO auto_report Excel报表保存成功
2026-03-29 23:52:28 INFO auto_report 已关闭进程: XDKQ_HEC
2026-03-29 23:52:28 INFO auto_report 已关闭进程: EXCEL
2026-03-29 23:52:28 INFO auto_report HTTP "GET /run?token=18400021209 HTTP/1.1" 200 -
2026-03-30 07:51:39 INFO auto_report HTTP "GET /health?token=18400021209 HTTP/1.1" 200 -
2026-03-30 09:58:58 INFO auto_report HTTP "GET /health?token=18400021209 HTTP/1.1" 200 -
