2026-03-30 21:17:10 INFO auto_report HTTP服务已启动: http://0.0.0.0:6648
2026-03-30 21:17:14 INFO auto_report 客户端已启动，窗口句柄: 1508832
2026-03-30 21:17:19 INFO auto_report 登录输入第 1/3 次尝试
2026-03-30 21:17:22 INFO auto_report 登录操作执行完成
2026-03-30 21:17:22 INFO auto_report 正在查找并点击[原始数据查询]...
2026-03-30 21:17:23 INFO auto_report 成功点击[原始数据查询]
2026-03-30 21:17:23 INFO auto_report 开始执行查询和导出流程...
2026-03-30 21:17:23 INFO auto_report 正在查找主界面[查询]按钮...
2026-03-30 21:17:25 INFO auto_report 点击主界面[查询]按钮
2026-03-30 21:17:30 INFO auto_report 正在等待[查询]窗口...
2026-03-30 21:17:30 INFO auto_report 当前可见窗口: ['', '先达考勤管理系统（当前版本：1.3.4.8） - [原始数据查询]']
2026-03-30 21:17:30 INFO auto_report 点击查询窗口[确定]按钮
2026-03-30 21:17:30 INFO auto_report 等待数据加载...
2026-03-30 21:17:35 WARNING auto_report 程序暂时未响应 (等待数据加载), 等待恢复 (最多60秒)...
2026-03-30 21:17:38 INFO auto_report 程序已恢复响应 (等待数据加载)
2026-03-30 21:17:40 INFO auto_report 正在查找[结果导出]按钮...
2026-03-30 21:17:48 INFO auto_report 已定位主窗口: 先达考勤管理系统（当前版本：1.3.4.8） - [原始数据查询]
2026-03-30 21:17:48 INFO auto_report 已执行Win32相邻按钮点击
2026-03-30 21:17:48 INFO auto_report 等待确认弹窗出现...
2026-03-30 21:17:51 INFO auto_report 正在确认导出(发送回车)...
2026-03-30 21:17:51 INFO auto_report 等待导出完成...
2026-03-30 21:18:06 INFO auto_report 数据查询与导出流程完成，开始保存Excel报表...
2026-03-30 21:18:06 INFO auto_report 第 1/6 次扫描: 检测到 1 个Excel实例
2026-03-30 21:18:07 INFO auto_report 清理了 1 个空Excel进程
2026-03-30 21:18:09 INFO auto_report 第 2/6 次扫描: 检测到 1 个Excel实例
2026-03-30 21:18:09 INFO auto_report 正在保存 工作簿1 (已优化Excel设置)...
2026-03-30 21:18:09 INFO auto_report 保存成功 (0.2秒): D:\auto_reports\工作簿1_20260330_211809_1574672_1.xlsx
2026-03-30 21:18:09 INFO auto_report 共保存 1 个工作簿
2026-03-30 21:18:09 INFO auto_report Excel报表保存成功
2026-03-30 21:18:09 INFO auto_report 已关闭进程: XDKQ_HEC
2026-03-30 21:18:09 INFO auto_report 已关闭进程: EXCEL
2026-03-30 21:18:10 INFO auto_report HTTP "GET /run?token=18400021209 HTTP/1.1" 200 -
2026-03-30 21:18:39 INFO auto_report 客户端已启动，窗口句柄: 1509474
2026-03-30 21:18:45 INFO auto_report 登录输入第 1/3 次尝试
2026-03-30 21:18:48 INFO auto_report 登录操作执行完成
2026-03-30 21:18:48 INFO auto_report 正在查找并点击[原始数据查询]...
2026-03-30 21:18:49 INFO auto_report 成功点击[原始数据查询]
2026-03-30 21:18:49 INFO auto_report 开始执行查询和导出流程...
2026-03-30 21:18:49 INFO auto_report 正在查找主界面[查询]按钮...
2026-03-30 21:18:51 INFO auto_report 点击主界面[查询]按钮
2026-03-30 21:18:56 INFO auto_report 正在等待[查询]窗口...
2026-03-30 21:18:56 INFO auto_report 当前可见窗口: ['', '先达考勤管理系统（当前版本：1.3.4.8） - [原始数据查询]']
2026-03-30 21:18:56 INFO auto_report 点击查询窗口[确定]按钮
2026-03-30 21:18:56 INFO auto_report 等待数据加载...
2026-03-30 21:19:01 WARNING auto_report 程序暂时未响应 (等待数据加载), 等待恢复 (最多60秒)...
2026-03-30 21:19:04 INFO auto_report 程序已恢复响应 (等待数据加载)
2026-03-30 21:19:06 INFO auto_report 正在查找[结果导出]按钮...
2026-03-30 21:19:14 INFO auto_report 已定位主窗口: 先达考勤管理系统（当前版本：1.3.4.8） - [原始数据查询]
2026-03-30 21:19:14 INFO auto_report 已执行Win32相邻按钮点击
2026-03-30 21:19:14 INFO auto_report 等待确认弹窗出现...
2026-03-30 21:19:17 INFO auto_report 正在确认导出(发送回车)...
2026-03-30 21:19:17 INFO auto_report 等待导出完成...
2026-03-30 21:19:32 INFO auto_report 数据查询与导出流程完成，开始保存Excel报表...
2026-03-30 21:19:32 INFO auto_report 第 1/6 次扫描: 检测到 1 个Excel实例
2026-03-30 21:19:32 INFO auto_report 清理了 1 个空Excel进程
2026-03-30 21:19:34 INFO auto_report 第 2/6 次扫描: 检测到 1 个Excel实例
2026-03-30 21:19:34 INFO auto_report 正在保存 工作簿1 (已优化Excel设置)...
2026-03-30 21:19:34 INFO auto_report 保存成功 (0.2秒): D:\auto_reports\工作簿1_20260330_211934_3606772_1.xlsx
2026-03-30 21:19:34 INFO auto_report 共保存 1 个工作簿
2026-03-30 21:19:34 INFO auto_report Excel报表保存成功
2026-03-30 21:19:35 INFO auto_report 已关闭进程: XDKQ_HEC
2026-03-30 21:19:35 INFO auto_report 已关闭进程: EXCEL
2026-03-30 21:19:35 INFO auto_report HTTP "GET /run?token=18400021209 HTTP/1.1" 200 -
2026-03-30 21:19:54 INFO auto_report HTTP "GET /health?token=18400021209 HTTP/1.1" 200 -
2026-03-30 21:19:59 INFO auto_report HTTP "GET /health?token=18400021209 HTTP/1.1" 200 -
2026-03-30 23:50:00 INFO auto_report HTTP "GET /run?token=18400021209 HTTP/1.1" 409 -
2026-03-30 23:50:00 INFO auto_report HTTP "GET /run?token=18400021209 HTTP/1.1" 409 -
2026-03-30 23:50:00 INFO auto_report HTTP "GET /run?token=18400021209 HTTP/1.1" 409 -
2026-03-30 23:50:01 INFO auto_report 客户端已启动，窗口句柄: 918832
2026-03-30 23:50:07 INFO auto_report 登录输入第 1/3 次尝试
2026-03-30 23:50:10 INFO auto_report 登录操作执行完成
2026-03-30 23:50:10 INFO auto_report 正在查找并点击[原始数据查询]...
2026-03-30 23:50:10 INFO auto_report 成功点击[原始数据查询]
2026-03-30 23:50:10 INFO auto_report 开始执行查询和导出流程...
2026-03-30 23:50:10 INFO auto_report 正在查找主界面[查询]按钮...
2026-03-30 23:50:12 INFO auto_report 点击主界面[查询]按钮
2026-03-30 23:50:17 INFO auto_report 正在等待[查询]窗口...
2026-03-30 23:50:17 INFO auto_report 当前可见窗口: ['', '先达考勤管理系统（当前版本：1.3.4.8） - [原始数据查询]']
2026-03-30 23:50:18 INFO auto_report 点击查询窗口[确定]按钮
2026-03-30 23:50:18 INFO auto_report 等待数据加载...
2026-03-30 23:50:23 WARNING auto_report 程序暂时未响应 (等待数据加载), 等待恢复 (最多60秒)...
2026-03-30 23:50:26 INFO auto_report 程序已恢复响应 (等待数据加载)
2026-03-30 23:50:28 INFO auto_report 正在查找[结果导出]按钮...
2026-03-30 23:50:30 INFO auto_report HTTP "GET /run?token=18400021209 HTTP/1.1" 409 -
2026-03-30 23:50:30 INFO auto_report HTTP "GET /run?token=18400021209 HTTP/1.1" 409 -
2026-03-30 23:50:30 INFO auto_report HTTP "GET /run?token=18400021209 HTTP/1.1" 409 -
2026-03-30 23:50:35 INFO auto_report 已定位主窗口: 先达考勤管理系统（当前版本：1.3.4.8） - [原始数据查询]
2026-03-30 23:50:35 INFO auto_report 已执行Win32相邻按钮点击
2026-03-30 23:50:35 INFO auto_report 等待确认弹窗出现...
2026-03-30 23:50:38 INFO auto_report 正在确认导出(发送回车)...
2026-03-30 23:50:38 INFO auto_report 等待导出完成...
2026-03-30 23:50:53 INFO auto_report 数据查询与导出流程完成，开始保存Excel报表...
2026-03-30 23:50:53 INFO auto_report 第 1/6 次扫描: 检测到 1 个Excel实例
2026-03-30 23:50:53 INFO auto_report 清理了 1 个空Excel进程
2026-03-30 23:50:55 INFO auto_report 第 2/6 次扫描: 检测到 1 个Excel实例
2026-03-30 23:50:56 INFO auto_report 正在保存 工作簿1 (已优化Excel设置)...
2026-03-30 23:50:56 INFO auto_report 保存成功 (0.2秒): D:\auto_reports\工作簿1_20260330_235056_1247096_1.xlsx
2026-03-30 23:50:56 INFO auto_report 共保存 1 个工作簿
2026-03-30 23:50:56 INFO auto_report Excel报表保存成功
2026-03-30 23:50:56 INFO auto_report 已关闭进程: XDKQ_HEC
2026-03-30 23:50:56 INFO auto_report 已关闭进程: EXCEL
2026-03-30 23:50:56 INFO auto_report HTTP "GET /run?token=18400021209 HTTP/1.1" 200 -
2026-03-30 23:51:00 INFO auto_report HTTP "GET /run?token=18400021209 HTTP/1.1" 409 -
2026-03-30 23:51:00 INFO auto_report HTTP "GET /run?token=18400021209 HTTP/1.1" 409 -
2026-03-30 23:51:01 INFO auto_report 客户端已启动，窗口句柄: 1312774
2026-03-30 23:51:07 INFO auto_report 登录输入第 1/3 次尝试
2026-03-30 23:51:10 INFO auto_report 登录操作执行完成
2026-03-30 23:51:10 INFO auto_report 正在查找并点击[原始数据查询]...
2026-03-30 23:51:10 INFO auto_report 成功点击[原始数据查询]
2026-03-30 23:51:10 INFO auto_report 开始执行查询和导出流程...
2026-03-30 23:51:10 INFO auto_report 正在查找主界面[查询]按钮...
2026-03-30 23:51:12 INFO auto_report 点击主界面[查询]按钮
2026-03-30 23:51:17 INFO auto_report 正在等待[查询]窗口...
2026-03-30 23:51:17 INFO auto_report 当前可见窗口: ['', '先达考勤管理系统（当前版本：1.3.4.8） - [原始数据查询]']
2026-03-30 23:51:18 INFO auto_report 点击查询窗口[确定]按钮
2026-03-30 23:51:18 INFO auto_report 等待数据加载...
2026-03-30 23:51:23 WARNING auto_report 程序暂时未响应 (等待数据加载), 等待恢复 (最多60秒)...
2026-03-30 23:51:26 INFO auto_report 程序已恢复响应 (等待数据加载)
2026-03-30 23:51:28 INFO auto_report 正在查找[结果导出]按钮...
2026-03-30 23:51:31 INFO auto_report HTTP "GET /run?token=18400021209 HTTP/1.1" 409 -
2026-03-30 23:51:31 INFO auto_report HTTP "GET /run?token=18400021209 HTTP/1.1" 409 -
2026-03-30 23:51:35 INFO auto_report 已定位主窗口: 先达考勤管理系统（当前版本：1.3.4.8） - [原始数据查询]
2026-03-30 23:51:35 INFO auto_report 已执行Win32相邻按钮点击
2026-03-30 23:51:35 INFO auto_report 等待确认弹窗出现...
2026-03-30 23:51:38 INFO auto_report 正在确认导出(发送回车)...
2026-03-30 23:51:38 INFO auto_report 等待导出完成...
2026-03-30 23:51:53 INFO auto_report 数据查询与导出流程完成，开始保存Excel报表...
2026-03-30 23:51:53 INFO auto_report 第 1/6 次扫描: 检测到 1 个Excel实例
2026-03-30 23:51:53 INFO auto_report 清理了 1 个空Excel进程
2026-03-30 23:51:55 INFO auto_report 第 2/6 次扫描: 检测到 1 个Excel实例
2026-03-30 23:51:55 INFO auto_report 正在保存 工作簿1 (已优化Excel设置)...
2026-03-30 23:51:56 INFO auto_report 保存成功 (0.2秒): D:\auto_reports\工作簿1_20260330_235155_1507778_1.xlsx
2026-03-30 23:51:56 INFO auto_report 共保存 1 个工作簿
2026-03-30 23:51:56 INFO auto_report Excel报表保存成功
2026-03-30 23:51:56 INFO auto_report 已关闭进程: XDKQ_HEC
2026-03-30 23:51:56 INFO auto_report 已关闭进程: EXCEL
2026-03-30 23:51:56 INFO auto_report HTTP "GET /run?token=18400021209 HTTP/1.1" 200 -
2026-03-31 08:05:58 INFO auto_report 客户端已启动，窗口句柄: 22546120
2026-03-31 08:06:04 INFO auto_report 登录输入第 1/3 次尝试
2026-03-31 08:06:07 INFO auto_report 登录操作执行完成
2026-03-31 08:06:07 INFO auto_report 正在查找并点击[原始数据查询]...
2026-03-31 08:06:07 INFO auto_report 成功点击[原始数据查询]
2026-03-31 08:06:07 INFO auto_report 开始执行查询和导出流程...
2026-03-31 08:06:07 INFO auto_report 正在查找主界面[查询]按钮...
2026-03-31 08:06:09 INFO auto_report 点击主界面[查询]按钮
2026-03-31 08:06:14 INFO auto_report 正在等待[查询]窗口...
2026-03-31 08:06:14 INFO auto_report 当前可见窗口: ['', '先达考勤管理系统（当前版本：1.3.4.8） - [原始数据查询]']
2026-03-31 08:06:14 INFO auto_report 点击查询窗口[确定]按钮
2026-03-31 08:06:14 INFO auto_report 等待数据加载...
2026-03-31 08:06:19 WARNING auto_report 程序暂时未响应 (等待数据加载), 等待恢复 (最多60秒)...
2026-03-31 08:06:22 INFO auto_report 程序已恢复响应 (等待数据加载)
2026-03-31 08:06:24 INFO auto_report 正在查找[结果导出]按钮...
2026-03-31 08:06:33 INFO auto_report 已定位主窗口: 先达考勤管理系统（当前版本：1.3.4.8） - [原始数据查询]
2026-03-31 08:06:33 INFO auto_report 已执行Win32相邻按钮点击
2026-03-31 08:06:33 INFO auto_report 等待确认弹窗出现...
2026-03-31 08:06:36 INFO auto_report 正在确认导出(发送回车)...
2026-03-31 08:06:36 INFO auto_report 等待导出完成...
2026-03-31 08:06:51 INFO auto_report 数据查询与导出流程完成，开始保存Excel报表...
2026-03-31 08:06:51 INFO auto_report 第 1/6 次扫描: 检测到 1 个Excel实例
2026-03-31 08:06:51 INFO auto_report 清理了 1 个空Excel进程
2026-03-31 08:06:53 INFO auto_report 第 2/6 次扫描: 检测到 1 个Excel实例
2026-03-31 08:06:53 INFO auto_report 正在保存 工作簿1 (已优化Excel设置)...
2026-03-31 08:06:53 INFO auto_report 保存成功 (0.2秒): D:\auto_reports\工作簿1_20260331_080653_1181172_1.xlsx
2026-03-31 08:06:53 INFO auto_report 共保存 1 个工作簿
2026-03-31 08:06:53 INFO auto_report Excel报表保存成功
2026-03-31 08:06:53 INFO auto_report 已关闭进程: XDKQ_HEC
2026-03-31 08:06:54 INFO auto_report 已关闭进程: EXCEL
2026-03-31 08:06:54 INFO auto_report HTTP "GET /run?token=18400021209 HTTP/1.1" 200 -
2026-03-31 13:37:43 INFO auto_report HTTP "GET /health?token=18400021209 HTTP/1.1" 200 -
2026-03-31 14:46:42 INFO auto_report HTTP "GET /favicon.ico HTTP/1.1" 404 -
2026-03-31 14:46:42 INFO auto_report HTTP "GET /favicon.ico HTTP/1.1" 404 -
2026-03-31 17:11:59 INFO auto_report HTTP "GET /favicon.ico HTTP/1.1" 404 -
2026-03-31 23:49:58 INFO auto_report HTTP "GET /run?token=18400021209 HTTP/1.1" 409 -
2026-03-31 23:49:58 INFO auto_report HTTP "GET /run?token=18400021209 HTTP/1.1" 409 -
2026-03-31 23:49:58 INFO auto_report HTTP "GET /run?token=18400021209 HTTP/1.1" 409 -
2026-03-31 23:49:59 INFO auto_report 客户端已启动，窗口句柄: 14157760
2026-03-31 23:50:04 INFO auto_report 登录输入第 1/3 次尝试
2026-03-31 23:50:08 INFO auto_report 登录操作执行完成
2026-03-31 23:50:08 INFO auto_report 正在查找并点击[原始数据查询]...
2026-03-31 23:50:09 INFO auto_report 成功点击[原始数据查询]
2026-03-31 23:50:09 INFO auto_report 开始执行查询和导出流程...
2026-03-31 23:50:09 INFO auto_report 正在查找主界面[查询]按钮...
2026-03-31 23:50:09 ERROR auto_report 未找到主界面[查询]按钮
2026-03-31 23:50:09 ERROR auto_report 数据查询与导出流程失败
2026-03-31 23:50:09 INFO auto_report 已关闭进程: XDKQ_HEC
2026-03-31 23:50:10 WARNING auto_report 未关闭进程或进程不存在: EXCEL
2026-03-31 23:50:10 INFO auto_report HTTP "GET /run?token=18400021209 HTTP/1.1" 500 -
2026-03-31 23:50:28 INFO auto_report HTTP "GET /run?token=18400021209 HTTP/1.1" 409 -
2026-03-31 23:50:28 INFO auto_report HTTP "GET /run?token=18400021209 HTTP/1.1" 409 -
2026-03-31 23:50:28 INFO auto_report 客户端已启动，窗口句柄: 2295410
2026-03-31 23:50:34 INFO auto_report 登录输入第 1/3 次尝试
2026-03-31 23:50:37 INFO auto_report 登录操作执行完成
2026-03-31 23:50:37 INFO auto_report 正在查找并点击[原始数据查询]...
2026-03-31 23:50:38 INFO auto_report 成功点击[原始数据查询]
2026-03-31 23:50:38 INFO auto_report 开始执行查询和导出流程...
2026-03-31 23:50:38 INFO auto_report 正在查找主界面[查询]按钮...
2026-03-31 23:50:39 ERROR auto_report 未找到主界面[查询]按钮
2026-03-31 23:50:39 ERROR auto_report 数据查询与导出流程失败
2026-03-31 23:50:39 INFO auto_report 已关闭进程: XDKQ_HEC
2026-03-31 23:50:39 WARNING auto_report 未关闭进程或进程不存在: EXCEL
2026-03-31 23:50:39 INFO auto_report HTTP "GET /run?token=18400021209 HTTP/1.1" 500 -
2026-03-31 23:50:40 INFO auto_report 客户端已启动，窗口句柄: 5506416
2026-03-31 23:50:46 INFO auto_report 登录输入第 1/3 次尝试
2026-03-31 23:50:49 INFO auto_report 登录操作执行完成
2026-03-31 23:50:49 INFO auto_report 正在查找并点击[原始数据查询]...
2026-03-31 23:50:50 INFO auto_report 成功点击[原始数据查询]
2026-03-31 23:50:50 INFO auto_report 开始执行查询和导出流程...
2026-03-31 23:50:50 INFO auto_report 正在查找主界面[查询]按钮...
2026-03-31 23:50:51 ERROR auto_report 未找到主界面[查询]按钮
2026-03-31 23:50:51 ERROR auto_report 数据查询与导出流程失败
2026-03-31 23:50:51 INFO auto_report 已关闭进程: XDKQ_HEC
2026-03-31 23:50:51 WARNING auto_report 未关闭进程或进程不存在: EXCEL
2026-03-31 23:50:51 INFO auto_report HTTP "GET /run?token=18400021209 HTTP/1.1" 500 -
2026-03-31 23:50:58 INFO auto_report HTTP "GET /run?token=18400021209 HTTP/1.1" 409 -
2026-03-31 23:50:59 INFO auto_report 客户端已启动，窗口句柄: 983954
2026-03-31 23:51:04 INFO auto_report 登录输入第 1/3 次尝试
2026-03-31 23:51:08 INFO auto_report 登录操作执行完成
2026-03-31 23:51:08 INFO auto_report 正在查找并点击[原始数据查询]...
2026-03-31 23:51:08 INFO auto_report 成功点击[原始数据查询]
2026-03-31 23:51:08 INFO auto_report 开始执行查询和导出流程...
2026-03-31 23:51:08 INFO auto_report 正在查找主界面[查询]按钮...
2026-03-31 23:51:09 ERROR auto_report 未找到主界面[查询]按钮
2026-03-31 23:51:09 ERROR auto_report 数据查询与导出流程失败
2026-03-31 23:51:09 INFO auto_report 已关闭进程: XDKQ_HEC
2026-03-31 23:51:09 WARNING auto_report 未关闭进程或进程不存在: EXCEL
2026-03-31 23:51:09 INFO auto_report HTTP "GET /run?token=18400021209 HTTP/1.1" 500 -
2026-03-31 23:51:10 INFO auto_report 客户端已启动，窗口句柄: 14878034
2026-03-31 23:51:16 INFO auto_report 登录输入第 1/3 次尝试
2026-03-31 23:51:19 INFO auto_report 登录操作执行完成
2026-03-31 23:51:19 INFO auto_report 正在查找并点击[原始数据查询]...
2026-03-31 23:51:20 INFO auto_report 成功点击[原始数据查询]
2026-03-31 23:51:20 INFO auto_report 开始执行查询和导出流程...
2026-03-31 23:51:20 INFO auto_report 正在查找主界面[查询]按钮...
2026-03-31 23:51:20 ERROR auto_report 未找到主界面[查询]按钮
2026-03-31 23:51:20 ERROR auto_report 数据查询与导出流程失败
2026-03-31 23:51:20 INFO auto_report 已关闭进程: XDKQ_HEC
2026-03-31 23:51:21 WARNING auto_report 未关闭进程或进程不存在: EXCEL
2026-03-31 23:51:21 INFO auto_report HTTP "GET /run?token=18400021209 HTTP/1.1" 500 -
2026-03-31 23:51:21 INFO auto_report 客户端已启动，窗口句柄: 13632690
2026-03-31 23:51:27 INFO auto_report 登录输入第 1/3 次尝试
2026-03-31 23:51:28 INFO auto_report HTTP "GET /run?token=18400021209 HTTP/1.1" 409 -
2026-03-31 23:51:30 INFO auto_report 登录操作执行完成
2026-03-31 23:51:30 INFO auto_report 正在查找并点击[原始数据查询]...
2026-03-31 23:51:31 INFO auto_report 成功点击[原始数据查询]
2026-03-31 23:51:31 INFO auto_report 开始执行查询和导出流程...
2026-03-31 23:51:31 INFO auto_report 正在查找主界面[查询]按钮...
2026-03-31 23:51:32 ERROR auto_report 未找到主界面[查询]按钮
2026-03-31 23:51:32 ERROR auto_report 数据查询与导出流程失败
2026-03-31 23:51:32 INFO auto_report 已关闭进程: XDKQ_HEC
2026-03-31 23:51:32 WARNING auto_report 未关闭进程或进程不存在: EXCEL
2026-03-31 23:51:32 INFO auto_report HTTP "GET /run?token=18400021209 HTTP/1.1" 500 -
2026-03-31 23:51:40 INFO auto_report 客户端已启动，窗口句柄: 4653878
2026-03-31 23:51:45 INFO auto_report 登录输入第 1/3 次尝试
2026-03-31 23:51:49 INFO auto_report 登录操作执行完成
2026-03-31 23:51:49 INFO auto_report 正在查找并点击[原始数据查询]...
2026-03-31 23:51:49 INFO auto_report 成功点击[原始数据查询]
2026-03-31 23:51:49 INFO auto_report 开始执行查询和导出流程...
2026-03-31 23:51:49 INFO auto_report 正在查找主界面[查询]按钮...
2026-03-31 23:51:50 ERROR auto_report 未找到主界面[查询]按钮
2026-03-31 23:51:50 ERROR auto_report 数据查询与导出流程失败
2026-03-31 23:51:50 INFO auto_report 已关闭进程: XDKQ_HEC
2026-03-31 23:51:50 WARNING auto_report 未关闭进程或进程不存在: EXCEL
2026-03-31 23:51:50 INFO auto_report HTTP "GET /run?token=18400021209 HTTP/1.1" 500 -
2026-03-31 23:51:51 INFO auto_report 客户端已启动，窗口句柄: 5899632
2026-03-31 23:51:57 INFO auto_report 登录输入第 1/3 次尝试
2026-03-31 23:52:00 INFO auto_report 登录操作执行完成
2026-03-31 23:52:00 INFO auto_report 正在查找并点击[原始数据查询]...
2026-03-31 23:52:01 INFO auto_report 成功点击[原始数据查询]
2026-03-31 23:52:01 INFO auto_report 开始执行查询和导出流程...
2026-03-31 23:52:01 INFO auto_report 正在查找主界面[查询]按钮...
2026-03-31 23:52:02 ERROR auto_report 未找到主界面[查询]按钮
2026-03-31 23:52:02 ERROR auto_report 数据查询与导出流程失败
2026-03-31 23:52:02 INFO auto_report 已关闭进程: XDKQ_HEC
2026-03-31 23:52:02 INFO auto_report HTTP "GET /run?token=18400021209 HTTP/1.1" 409 -
2026-03-31 23:52:02 WARNING auto_report 未关闭进程或进程不存在: EXCEL
2026-03-31 23:52:02 INFO auto_report HTTP "GET /run?token=18400021209 HTTP/1.1" 500 -
2026-04-01 19:41:02 INFO auto_report 客户端已启动，窗口句柄: 788826
