2026-04-01 19:43:34 INFO auto_report HTTP服务已启动: http://0.0.0.0:6648
2026-04-01 19:43:48 INFO auto_report 客户端已启动，窗口句柄: 459630
2026-04-01 19:43:54 INFO auto_report 登录输入第 1/3 次尝试
2026-04-01 19:43:57 INFO auto_report 登录操作执行完成
2026-04-01 19:43:57 INFO auto_report 正在查找并点击[原始数据查询]...
2026-04-01 19:43:57 INFO auto_report 成功点击[原始数据查询]
2026-04-01 19:43:57 INFO auto_report 开始执行查询和导出流程...
2026-04-01 19:43:57 INFO auto_report 正在查找主界面[查询]按钮...
2026-04-01 19:43:59 INFO auto_report 点击主界面[查询]按钮
2026-04-01 19:44:04 INFO auto_report 正在等待[查询]窗口...
2026-04-01 19:44:04 INFO auto_report 当前可见窗口: ['', '先达考勤管理系统（当前版本：1.3.4.8） - [原始数据查询]']
2026-04-01 19:44:04 INFO auto_report 点击查询窗口[确定]按钮
2026-04-01 19:44:04 INFO auto_report 等待数据加载...
2026-04-01 19:44:09 WARNING auto_report 程序暂时未响应 (等待数据加载), 等待恢复 (最多60秒)...
2026-04-01 19:44:12 WARNING auto_report 程序仍未响应 (等待数据加载), 剩余等待56秒...
2026-04-01 19:44:15 WARNING auto_report 程序仍未响应 (等待数据加载), 剩余等待53秒...
2026-04-01 19:44:18 INFO auto_report 程序已恢复响应 (等待数据加载)
2026-04-01 19:44:20 INFO auto_report 正在查找[结果导出]按钮...
2026-04-01 19:44:58 INFO auto_report 已定位主窗口: 先达考勤管理系统（当前版本：1.3.4.8） - [原始数据查询]
2026-04-01 19:44:58 INFO auto_report 已执行Win32相邻按钮点击
2026-04-01 19:44:58 INFO auto_report 等待确认弹窗出现...
2026-04-01 19:45:01 INFO auto_report 正在确认导出(发送回车)...
2026-04-01 19:45:01 INFO auto_report 等待导出完成...
2026-04-01 19:45:16 INFO auto_report 数据查询与导出流程完成，开始保存Excel报表...
2026-04-01 19:45:16 INFO auto_report 第 1/6 次扫描: 检测到 1 个Excel实例
2026-04-01 19:45:17 INFO auto_report 清理了 1 个空Excel进程
2026-04-01 19:45:19 INFO auto_report 第 2/6 次扫描: 检测到 1 个Excel实例
2026-04-01 19:45:19 INFO auto_report 正在保存 工作簿1 (已优化Excel设置)...
2026-04-01 19:47:09 INFO auto_report 保存成功 (110.5秒): D:\auto_reports\工作簿1_20260401_194519_66734_1.xlsx
2026-04-01 19:47:09 INFO auto_report 共保存 1 个工作簿
2026-04-01 19:47:09 INFO auto_report Excel报表保存成功
2026-04-01 19:47:09 INFO auto_report 已关闭进程: XDKQ_HEC
2026-04-01 19:47:10 INFO auto_report 已关闭进程: EXCEL
2026-04-01 19:47:10 INFO auto_report HTTP "GET /run?token=18400021209 HTTP/1.1" 200 -
2026-04-01 19:49:15 INFO auto_report 客户端已启动，窗口句柄: 132178
2026-04-01 19:49:21 INFO auto_report 登录输入第 1/3 次尝试
2026-04-01 19:49:24 INFO auto_report 登录操作执行完成
2026-04-01 19:49:24 INFO auto_report 正在查找并点击[原始数据查询]...
2026-04-01 19:49:54 WARNING auto_report 未找到按钮，正在导出UI结构到 ui_dump_uia.txt ...
2026-04-01 19:49:54 ERROR auto_report 未找到[原始数据查询]按钮或点击失败
2026-04-01 19:49:54 INFO auto_report 已关闭进程: XDKQ_HEC
2026-04-01 19:49:54 WARNING auto_report 未关闭进程或进程不存在: EXCEL
2026-04-01 19:49:54 INFO auto_report HTTP "GET /run?token=18400021209 HTTP/1.1" 500 -
2026-04-01 19:50:03 INFO auto_report 客户端已启动，窗口句柄: 197876
2026-04-01 19:50:09 INFO auto_report 登录输入第 1/3 次尝试
2026-04-01 19:50:12 INFO auto_report 登录操作执行完成
2026-04-01 19:50:12 INFO auto_report 正在查找并点击[原始数据查询]...
2026-04-01 19:50:12 INFO auto_report 成功点击[原始数据查询]
2026-04-01 19:50:12 INFO auto_report 开始执行查询和导出流程...
2026-04-01 19:50:12 INFO auto_report 正在查找主界面[查询]按钮...
2026-04-01 19:50:14 INFO auto_report 点击主界面[查询]按钮
2026-04-01 19:50:19 INFO auto_report 正在等待[查询]窗口...
2026-04-01 19:50:19 INFO auto_report 当前可见窗口: ['', '先达考勤管理系统（当前版本：1.3.4.8） - [原始数据查询]']
2026-04-01 19:50:19 INFO auto_report 点击查询窗口[确定]按钮
2026-04-01 19:50:19 INFO auto_report 等待数据加载...
2026-04-01 19:50:24 WARNING auto_report 程序暂时未响应 (等待数据加载), 等待恢复 (最多60秒)...
2026-04-01 19:50:27 INFO auto_report 程序已恢复响应 (等待数据加载)
2026-04-01 19:50:29 INFO auto_report 正在查找[结果导出]按钮...
2026-04-01 19:50:38 INFO auto_report 已定位主窗口: 先达考勤管理系统（当前版本：1.3.4.8） - [原始数据查询]
2026-04-01 19:50:38 INFO auto_report 已执行Win32相邻按钮点击
2026-04-01 19:50:38 INFO auto_report 等待确认弹窗出现...
2026-04-01 19:50:41 INFO auto_report 正在确认导出(发送回车)...
2026-04-01 19:50:41 INFO auto_report 等待导出完成...
2026-04-01 19:50:56 INFO auto_report 数据查询与导出流程完成，开始保存Excel报表...
2026-04-01 19:50:56 INFO auto_report 第 1/6 次扫描: 检测到 1 个Excel实例
2026-04-01 19:50:56 INFO auto_report 清理了 1 个空Excel进程
2026-04-01 19:50:58 INFO auto_report 第 2/6 次扫描: 检测到 1 个Excel实例
2026-04-01 19:50:58 INFO auto_report 正在保存 工作簿1 (已优化Excel设置)...
2026-04-01 19:51:46 INFO auto_report 保存成功 (47.4秒): D:\auto_reports\工作簿1_20260401_195058_132208_1.xlsx
2026-04-01 19:51:46 INFO auto_report 共保存 1 个工作簿
2026-04-01 19:51:46 INFO auto_report Excel报表保存成功
2026-04-01 19:51:46 INFO auto_report 已关闭进程: XDKQ_HEC
2026-04-01 19:51:46 INFO auto_report 已关闭进程: EXCEL
2026-04-01 19:51:46 INFO auto_report HTTP "GET /run?token=18400021209 HTTP/1.1" 200 -
2026-04-02 00:04:57 INFO auto_report HTTP "GET /run?token=18400021209 HTTP/1.1" 409 -
2026-04-02 00:04:57 INFO auto_report HTTP "GET /run?token=18400021209 HTTP/1.1" 409 -
2026-04-02 00:04:57 INFO auto_report HTTP "GET /run?token=18400021209 HTTP/1.1" 409 -
2026-04-02 00:04:57 INFO auto_report 客户端已启动，窗口句柄: 459460
2026-04-02 00:05:03 INFO auto_report 登录输入第 1/3 次尝试
2026-04-02 00:05:06 INFO auto_report 登录操作执行完成
2026-04-02 00:05:06 INFO auto_report 正在查找并点击[原始数据查询]...
2026-04-02 00:05:07 INFO auto_report 成功点击[原始数据查询]
2026-04-02 00:05:07 INFO auto_report 开始执行查询和导出流程...
2026-04-02 00:05:07 INFO auto_report 正在查找主界面[查询]按钮...
2026-04-02 00:05:08 INFO auto_report 点击主界面[查询]按钮
2026-04-02 00:05:13 INFO auto_report 正在等待[查询]窗口...
2026-04-02 00:05:13 INFO auto_report 当前可见窗口: ['', '先达考勤管理系统（当前版本：1.3.4.8） - [原始数据查询]']
2026-04-02 00:05:14 INFO auto_report 点击查询窗口[确定]按钮
2026-04-02 00:05:14 INFO auto_report 等待数据加载...
2026-04-02 00:05:19 WARNING auto_report 程序暂时未响应 (等待数据加载), 等待恢复 (最多60秒)...
2026-04-02 00:05:22 WARNING auto_report 程序仍未响应 (等待数据加载), 剩余等待56秒...
2026-04-02 00:05:25 WARNING auto_report 程序仍未响应 (等待数据加载), 剩余等待53秒...
2026-04-02 00:05:27 INFO auto_report HTTP "GET /run?token=18400021209 HTTP/1.1" 409 -
2026-04-02 00:05:27 INFO auto_report HTTP "GET /run?token=18400021209 HTTP/1.1" 409 -
2026-04-02 00:05:27 INFO auto_report HTTP "GET /run?token=18400021209 HTTP/1.1" 409 -
2026-04-02 00:05:28 WARNING auto_report 程序仍未响应 (等待数据加载), 剩余等待50秒...
2026-04-02 00:05:31 INFO auto_report 程序已恢复响应 (等待数据加载)
2026-04-02 00:05:33 INFO auto_report 正在查找[结果导出]按钮...
2026-04-02 00:05:39 INFO auto_report 已定位主窗口: 先达考勤管理系统（当前版本：1.3.4.8） - [原始数据查询]
2026-04-02 00:05:39 INFO auto_report 已执行Win32相邻按钮点击
2026-04-02 00:05:39 INFO auto_report 等待确认弹窗出现...
2026-04-02 00:05:42 INFO auto_report 正在确认导出(发送回车)...
2026-04-02 00:05:42 INFO auto_report 等待导出完成...
2026-04-02 00:05:57 INFO auto_report 数据查询与导出流程完成，开始保存Excel报表...
2026-04-02 00:05:57 INFO auto_report 第 1/6 次扫描: 检测到 1 个Excel实例
2026-04-02 00:05:57 INFO auto_report HTTP "GET /run?token=18400021209 HTTP/1.1" 409 -
2026-04-02 00:05:57 INFO auto_report 清理了 1 个空Excel进程
2026-04-02 00:05:57 INFO auto_report HTTP "GET /run?token=18400021209 HTTP/1.1" 409 -
2026-04-02 00:05:57 INFO auto_report HTTP "GET /run?token=18400021209 HTTP/1.1" 409 -
2026-04-02 00:05:59 INFO auto_report 第 2/6 次扫描: 检测到 1 个Excel实例
2026-04-02 00:05:59 INFO auto_report 正在保存 工作簿1 (已优化Excel设置)...
2026-04-02 00:06:27 INFO auto_report HTTP "GET /run?token=18400021209 HTTP/1.1" 409 -
2026-04-02 00:06:27 INFO auto_report HTTP "GET /run?token=18400021209 HTTP/1.1" 409 -
2026-04-02 00:06:27 INFO auto_report HTTP "GET /run?token=18400021209 HTTP/1.1" 409 -
2026-04-02 00:06:46 INFO auto_report 保存成功 (47.3秒): D:\auto_reports\工作簿1_20260402_000559_328846_1.xlsx
2026-04-02 00:06:46 INFO auto_report 共保存 1 个工作簿
2026-04-02 00:06:46 INFO auto_report Excel报表保存成功
2026-04-02 00:06:47 INFO auto_report 已关闭进程: XDKQ_HEC
2026-04-02 00:06:47 INFO auto_report 已关闭进程: EXCEL
2026-04-02 00:06:47 INFO auto_report HTTP "GET /run?token=18400021209 HTTP/1.1" 200 -
