2026-03-21 09:33:10 INFO auto_report HTTP服务已启动: http://0.0.0.0:6648
2026-03-21 09:33:42 INFO auto_report 客户端已启动，窗口句柄: 788196
2026-03-21 09:33:48 INFO auto_report 登录输入第 1/3 次尝试
2026-03-21 09:33:51 INFO auto_report 登录操作执行完成
2026-03-21 09:33:51 INFO auto_report 正在查找并点击[原始数据查询]...
2026-03-21 09:33:51 INFO auto_report 成功点击[原始数据查询]
2026-03-21 09:33:51 INFO auto_report 开始执行查询和导出流程...
2026-03-21 09:33:51 INFO auto_report 正在查找主界面[查询]按钮...
2026-03-21 09:33:53 INFO auto_report 点击主界面[查询]按钮
2026-03-21 09:33:58 INFO auto_report 正在等待[查询]窗口...
2026-03-21 09:33:58 INFO auto_report 当前可见窗口: ['', '先达考勤管理系统（当前版本：1.3.4.8） - [原始数据查询]']
2026-03-21 09:33:58 INFO auto_report 点击查询窗口[确定]按钮
2026-03-21 09:33:58 INFO auto_report 等待数据加载...
2026-03-21 09:34:05 INFO auto_report 正在查找[结果导出]按钮...
2026-03-21 09:34:10 INFO auto_report 已定位主窗口: 先达考勤管理系统（当前版本：1.3.4.8） - [原始数据查询]
2026-03-21 09:34:10 INFO auto_report 已执行Win32相邻按钮点击
2026-03-21 09:34:10 INFO auto_report 等待确认弹窗出现...
2026-03-21 09:34:13 INFO auto_report 正在确认导出(发送回车)...
2026-03-21 09:34:13 INFO auto_report 等待导出完成...
2026-03-21 09:34:28 INFO auto_report 数据查询与导出流程完成，开始保存Excel报表...
2026-03-21 09:34:28 INFO auto_report 第 1/6 次扫描: 检测到 1 个Excel实例
2026-03-21 09:34:29 INFO auto_report 清理了 1 个空Excel进程
2026-03-21 09:34:31 INFO auto_report 第 2/6 次扫描: 检测到 1 个Excel实例
2026-03-21 09:34:31 INFO auto_report 正在保存 工作簿1 (已优化Excel设置)...
2026-03-21 09:34:32 INFO auto_report 保存成功 (0.8秒): D:\auto_reports\工作簿1_20260321_093431_6096142_1.xlsx
2026-03-21 09:34:32 INFO auto_report 共保存 1 个工作簿
2026-03-21 09:34:32 INFO auto_report Excel报表保存成功
2026-03-21 09:34:32 INFO auto_report 已关闭进程: XDKQ_HEC
2026-03-21 09:34:32 INFO auto_report 已关闭进程: EXCEL
2026-03-21 09:34:32 INFO auto_report HTTP "GET /run?token=18400021209 HTTP/1.1" 200 -
2026-03-22 00:29:45 INFO auto_report HTTP "GET /run?token=18400021209 HTTP/1.1" 409 -
2026-03-22 00:29:45 INFO auto_report HTTP "GET /run?token=18400021209 HTTP/1.1" 409 -
2026-03-22 00:29:45 INFO auto_report HTTP "GET /run?token=18400021209 HTTP/1.1" 409 -
2026-03-22 00:29:45 INFO auto_report 客户端已启动，窗口句柄: 4129396
2026-03-22 00:29:51 INFO auto_report 登录输入第 1/3 次尝试
2026-03-22 00:29:54 INFO auto_report 登录操作执行完成
2026-03-22 00:29:54 INFO auto_report 正在查找并点击[原始数据查询]...
2026-03-22 00:29:55 INFO auto_report 成功点击[原始数据查询]
2026-03-22 00:29:55 INFO auto_report 开始执行查询和导出流程...
2026-03-22 00:29:55 INFO auto_report 正在查找主界面[查询]按钮...
2026-03-22 00:29:57 INFO auto_report 点击主界面[查询]按钮
2026-03-22 00:30:02 INFO auto_report 正在等待[查询]窗口...
2026-03-22 00:30:02 INFO auto_report 当前可见窗口: ['', '先达考勤管理系统（当前版本：1.3.4.8） - [原始数据查询]']
2026-03-22 00:30:02 INFO auto_report 点击查询窗口[确定]按钮
2026-03-22 00:30:02 INFO auto_report 等待数据加载...
2026-03-22 00:30:07 WARNING auto_report 程序暂时未响应 (等待数据加载), 等待恢复 (最多60秒)...
2026-03-22 00:30:10 INFO auto_report 程序已恢复响应 (等待数据加载)
2026-03-22 00:30:12 INFO auto_report 正在查找[结果导出]按钮...
2026-03-22 00:30:15 INFO auto_report HTTP "GET /run?token=18400021209 HTTP/1.1" 409 -
2026-03-22 00:30:15 INFO auto_report HTTP "GET /run?token=18400021209 HTTP/1.1" 409 -
2026-03-22 00:30:15 INFO auto_report HTTP "GET /run?token=18400021209 HTTP/1.1" 409 -
2026-03-22 00:30:16 INFO auto_report 已定位主窗口: 先达考勤管理系统（当前版本：1.3.4.8） - [原始数据查询]
2026-03-22 00:30:16 INFO auto_report 已执行Win32相邻按钮点击
2026-03-22 00:30:16 INFO auto_report 等待确认弹窗出现...
2026-03-22 00:30:19 INFO auto_report 正在确认导出(发送回车)...
2026-03-22 00:30:19 INFO auto_report 等待导出完成...
2026-03-22 00:30:34 INFO auto_report 数据查询与导出流程完成，开始保存Excel报表...
2026-03-22 00:30:34 INFO auto_report 第 1/6 次扫描: 检测到 1 个Excel实例
2026-03-22 00:30:34 INFO auto_report 清理了 1 个空Excel进程
2026-03-22 00:30:36 INFO auto_report 第 2/6 次扫描: 检测到 1 个Excel实例
2026-03-22 00:30:36 INFO auto_report 正在保存 工作簿1 (已优化Excel设置)...
2026-03-22 00:30:36 INFO auto_report 保存成功 (0.1秒): D:\auto_reports\工作簿1_20260322_003036_788312_1.xlsx
2026-03-22 00:30:36 INFO auto_report 共保存 1 个工作簿
2026-03-22 00:30:36 INFO auto_report Excel报表保存成功
2026-03-22 00:30:36 INFO auto_report 已关闭进程: XDKQ_HEC
2026-03-22 00:30:37 INFO auto_report 已关闭进程: EXCEL
2026-03-22 00:30:37 INFO auto_report HTTP "GET /run?token=18400021209 HTTP/1.1" 200 -
2026-03-22 00:30:45 INFO auto_report HTTP "GET /run?token=18400021209 HTTP/1.1" 409 -
2026-03-22 00:30:45 INFO auto_report HTTP "GET /run?token=18400021209 HTTP/1.1" 409 -
2026-03-22 00:30:46 INFO auto_report 客户端已启动，窗口句柄: 3081574
2026-03-22 00:30:52 INFO auto_report 登录输入第 1/3 次尝试
2026-03-22 00:30:55 INFO auto_report 登录操作执行完成
2026-03-22 00:30:55 INFO auto_report 正在查找并点击[原始数据查询]...
2026-03-22 00:30:55 INFO auto_report 成功点击[原始数据查询]
2026-03-22 00:30:55 INFO auto_report 开始执行查询和导出流程...
2026-03-22 00:30:55 INFO auto_report 正在查找主界面[查询]按钮...
2026-03-22 00:30:57 INFO auto_report 点击主界面[查询]按钮
2026-03-22 00:31:02 INFO auto_report 正在等待[查询]窗口...
2026-03-22 00:31:02 INFO auto_report 当前可见窗口: ['', '先达考勤管理系统（当前版本：1.3.4.8） - [原始数据查询]']
2026-03-22 00:31:02 INFO auto_report 点击查询窗口[确定]按钮
2026-03-22 00:31:02 INFO auto_report 等待数据加载...
2026-03-22 00:31:09 INFO auto_report 正在查找[结果导出]按钮...
2026-03-22 00:31:14 INFO auto_report 已定位主窗口: 先达考勤管理系统（当前版本：1.3.4.8） - [原始数据查询]
2026-03-22 00:31:14 INFO auto_report 已执行Win32相邻按钮点击
2026-03-22 00:31:14 INFO auto_report 等待确认弹窗出现...
2026-03-22 00:31:15 INFO auto_report HTTP "GET /run?token=18400021209 HTTP/1.1" 409 -
2026-03-22 00:31:15 INFO auto_report HTTP "GET /run?token=18400021209 HTTP/1.1" 409 -
2026-03-22 00:31:17 INFO auto_report 正在确认导出(发送回车)...
2026-03-22 00:31:17 INFO auto_report 等待导出完成...
2026-03-22 00:31:32 INFO auto_report 数据查询与导出流程完成，开始保存Excel报表...
2026-03-22 00:31:32 INFO auto_report 第 1/6 次扫描: 检测到 1 个Excel实例
2026-03-22 00:31:32 INFO auto_report 清理了 1 个空Excel进程
2026-03-22 00:31:34 INFO auto_report 第 2/6 次扫描: 检测到 1 个Excel实例
2026-03-22 00:31:34 INFO auto_report 正在保存 工作簿1 (已优化Excel设置)...
2026-03-22 00:31:34 INFO auto_report 保存成功 (0.1秒): D:\auto_reports\工作簿1_20260322_003134_22151792_1.xlsx
2026-03-22 00:31:34 INFO auto_report 共保存 1 个工作簿
2026-03-22 00:31:34 INFO auto_report Excel报表保存成功
2026-03-22 00:31:35 INFO auto_report 已关闭进程: XDKQ_HEC
2026-03-22 00:31:35 INFO auto_report 已关闭进程: EXCEL
2026-03-22 00:31:35 INFO auto_report HTTP "GET /run?token=18400021209 HTTP/1.1" 200 -
2026-03-23 00:29:35 INFO auto_report HTTP "GET /run?token=18400021209 HTTP/1.1" 409 -
2026-03-23 00:29:35 INFO auto_report HTTP "GET /run?token=18400021209 HTTP/1.1" 409 -
2026-03-23 00:29:35 INFO auto_report HTTP "GET /run?token=18400021209 HTTP/1.1" 409 -
2026-03-23 00:29:36 INFO auto_report 客户端已启动，窗口句柄: 66978874
2026-03-23 00:29:42 INFO auto_report 登录输入第 1/3 次尝试
2026-03-23 00:29:45 INFO auto_report 登录操作执行完成
2026-03-23 00:29:45 INFO auto_report 正在查找并点击[原始数据查询]...
2026-03-23 00:29:50 INFO auto_report 成功点击[原始数据查询]
2026-03-23 00:29:50 INFO auto_report 开始执行查询和导出流程...
2026-03-23 00:29:50 INFO auto_report 正在查找主界面[查询]按钮...
2026-03-23 00:29:52 INFO auto_report 点击主界面[查询]按钮
2026-03-23 00:29:57 INFO auto_report 正在等待[查询]窗口...
2026-03-23 00:29:57 INFO auto_report 当前可见窗口: ['', '先达考勤管理系统（当前版本：1.3.4.8） - [原始数据查询]']
2026-03-23 00:29:58 INFO auto_report 点击查询窗口[确定]按钮
2026-03-23 00:29:58 INFO auto_report 等待数据加载...
2026-03-23 00:30:03 WARNING auto_report 程序暂时未响应 (等待数据加载), 等待恢复 (最多60秒)...
2026-03-23 00:30:05 INFO auto_report HTTP "GET /run?token=18400021209 HTTP/1.1" 409 -
2026-03-23 00:30:05 INFO auto_report HTTP "GET /run?token=18400021209 HTTP/1.1" 409 -
2026-03-23 00:30:05 INFO auto_report HTTP "GET /run?token=18400021209 HTTP/1.1" 409 -
2026-03-23 00:30:06 INFO auto_report 程序已恢复响应 (等待数据加载)
2026-03-23 00:30:08 INFO auto_report 正在查找[结果导出]按钮...
2026-03-23 00:30:11 INFO auto_report 已定位主窗口: 先达考勤管理系统（当前版本：1.3.4.8） - [原始数据查询]
2026-03-23 00:30:11 INFO auto_report 已执行Win32相邻按钮点击
2026-03-23 00:30:11 INFO auto_report 等待确认弹窗出现...
2026-03-23 00:30:14 INFO auto_report 正在确认导出(发送回车)...
2026-03-23 00:30:14 INFO auto_report 等待导出完成...
2026-03-23 00:30:29 INFO auto_report 数据查询与导出流程完成，开始保存Excel报表...
2026-03-23 00:30:29 INFO auto_report 第 1/6 次扫描: 检测到 1 个Excel实例
2026-03-23 00:30:29 INFO auto_report 清理了 1 个空Excel进程
2026-03-23 00:30:31 INFO auto_report 第 2/6 次扫描: 检测到 1 个Excel实例
2026-03-23 00:30:32 INFO auto_report 正在保存 工作簿1 (已优化Excel设置)...
2026-03-23 00:30:32 INFO auto_report 保存成功 (0.1秒): D:\auto_reports\工作簿1_20260323_003032_1509644_1.xlsx
2026-03-23 00:30:32 INFO auto_report 共保存 1 个工作簿
2026-03-23 00:30:32 INFO auto_report Excel报表保存成功
2026-03-23 00:30:32 INFO auto_report 已关闭进程: XDKQ_HEC
2026-03-23 00:30:32 INFO auto_report 已关闭进程: EXCEL
2026-03-23 00:30:32 INFO auto_report HTTP "GET /run?token=18400021209 HTTP/1.1" 200 -
2026-03-23 00:30:36 INFO auto_report HTTP "GET /run?token=18400021209 HTTP/1.1" 409 -
2026-03-23 00:30:36 INFO auto_report HTTP "GET /run?token=18400021209 HTTP/1.1" 409 -
2026-03-23 00:30:36 INFO auto_report 客户端已启动，窗口句柄: 4261374
2026-03-23 00:30:42 INFO auto_report 登录输入第 1/3 次尝试
2026-03-23 00:30:45 INFO auto_report 登录操作执行完成
2026-03-23 00:30:45 INFO auto_report 正在查找并点击[原始数据查询]...
2026-03-23 00:30:46 INFO auto_report 成功点击[原始数据查询]
2026-03-23 00:30:46 INFO auto_report 开始执行查询和导出流程...
2026-03-23 00:30:46 INFO auto_report 正在查找主界面[查询]按钮...
2026-03-23 00:30:47 INFO auto_report 点击主界面[查询]按钮
2026-03-23 00:30:52 INFO auto_report 正在等待[查询]窗口...
2026-03-23 00:30:52 INFO auto_report 当前可见窗口: ['', '先达考勤管理系统（当前版本：1.3.4.8） - [原始数据查询]']
2026-03-23 00:30:53 INFO auto_report 点击查询窗口[确定]按钮
2026-03-23 00:30:53 INFO auto_report 等待数据加载...
2026-03-23 00:30:58 WARNING auto_report 程序暂时未响应 (等待数据加载), 等待恢复 (最多60秒)...
2026-03-23 00:31:01 INFO auto_report 程序已恢复响应 (等待数据加载)
2026-03-23 00:31:03 INFO auto_report 正在查找[结果导出]按钮...
2026-03-23 00:31:06 INFO auto_report 已定位主窗口: 先达考勤管理系统（当前版本：1.3.4.8） - [原始数据查询]
2026-03-23 00:31:06 INFO auto_report 已执行Win32相邻按钮点击
2026-03-23 00:31:06 INFO auto_report 等待确认弹窗出现...
2026-03-23 00:31:06 INFO auto_report HTTP "GET /run?token=18400021209 HTTP/1.1" 409 -
2026-03-23 00:31:06 INFO auto_report HTTP "GET /run?token=18400021209 HTTP/1.1" 409 -
2026-03-23 00:31:09 INFO auto_report 正在确认导出(发送回车)...
2026-03-23 00:31:09 INFO auto_report 等待导出完成...
2026-03-23 00:31:24 INFO auto_report 数据查询与导出流程完成，开始保存Excel报表...
2026-03-23 00:31:24 INFO auto_report 第 1/6 次扫描: 检测到 1 个Excel实例
2026-03-23 00:31:24 INFO auto_report 清理了 1 个空Excel进程
2026-03-23 00:31:26 INFO auto_report 第 2/6 次扫描: 检测到 1 个Excel实例
2026-03-23 00:31:26 INFO auto_report 正在保存 工作簿1 (已优化Excel设置)...
2026-03-23 00:31:27 INFO auto_report 保存成功 (0.8秒): D:\auto_reports\工作簿1_20260323_003126_720928_1.xlsx
2026-03-23 00:31:27 INFO auto_report 共保存 1 个工作簿
2026-03-23 00:31:27 INFO auto_report Excel报表保存成功
2026-03-23 00:31:27 INFO auto_report 已关闭进程: XDKQ_HEC
2026-03-23 00:31:28 INFO auto_report 已关闭进程: EXCEL
2026-03-23 00:31:28 INFO auto_report HTTP "GET /run?token=18400021209 HTTP/1.1" 200 -
2026-03-23 23:55:00 INFO auto_report HTTP "GET /run?token=18400021209 HTTP/1.1" 409 -
2026-03-23 23:55:00 INFO auto_report HTTP "GET /run?token=18400021209 HTTP/1.1" 409 -
2026-03-23 23:55:00 INFO auto_report HTTP "GET /run?token=18400021209 HTTP/1.1" 409 -
2026-03-23 23:55:01 INFO auto_report 客户端已启动，窗口句柄: 40043460
2026-03-23 23:55:07 INFO auto_report 登录输入第 1/3 次尝试
2026-03-23 23:55:10 INFO auto_report 登录操作执行完成
2026-03-23 23:55:10 INFO auto_report 正在查找并点击[原始数据查询]...
2026-03-23 23:55:10 INFO auto_report 成功点击[原始数据查询]
2026-03-23 23:55:10 INFO auto_report 开始执行查询和导出流程...
2026-03-23 23:55:10 INFO auto_report 正在查找主界面[查询]按钮...
2026-03-23 23:55:12 INFO auto_report 点击主界面[查询]按钮
2026-03-23 23:55:17 INFO auto_report 正在等待[查询]窗口...
2026-03-23 23:55:17 INFO auto_report 当前可见窗口: ['', '先达考勤管理系统（当前版本：1.3.4.8） - [原始数据查询]']
2026-03-23 23:55:17 INFO auto_report 点击查询窗口[确定]按钮
2026-03-23 23:55:17 INFO auto_report 等待数据加载...
2026-03-23 23:55:22 WARNING auto_report 程序暂时未响应 (等待数据加载), 等待恢复 (最多60秒)...
2026-03-23 23:55:25 INFO auto_report 程序已恢复响应 (等待数据加载)
2026-03-23 23:55:27 INFO auto_report 正在查找[结果导出]按钮...
2026-03-23 23:55:30 INFO auto_report HTTP "GET /run?token=18400021209 HTTP/1.1" 409 -
2026-03-23 23:55:30 INFO auto_report HTTP "GET /run?token=18400021209 HTTP/1.1" 409 -
2026-03-23 23:55:30 INFO auto_report HTTP "GET /run?token=18400021209 HTTP/1.1" 409 -
2026-03-23 23:55:31 INFO auto_report 已定位主窗口: 先达考勤管理系统（当前版本：1.3.4.8） - [原始数据查询]
2026-03-23 23:55:31 INFO auto_report 已执行Win32相邻按钮点击
2026-03-23 23:55:31 INFO auto_report 等待确认弹窗出现...
2026-03-23 23:55:34 INFO auto_report 正在确认导出(发送回车)...
2026-03-23 23:55:34 INFO auto_report 等待导出完成...
2026-03-23 23:55:49 INFO auto_report 数据查询与导出流程完成，开始保存Excel报表...
2026-03-23 23:55:49 INFO auto_report 第 1/6 次扫描: 检测到 1 个Excel实例
2026-03-23 23:55:49 INFO auto_report 清理了 1 个空Excel进程
2026-03-23 23:55:51 INFO auto_report 第 2/6 次扫描: 检测到 1 个Excel实例
2026-03-23 23:55:51 INFO auto_report 正在保存 工作簿1 (已优化Excel设置)...
2026-03-23 23:55:51 INFO auto_report 保存成功 (0.1秒): D:\auto_reports\工作簿1_20260323_235551_1050390_1.xlsx
2026-03-23 23:55:51 INFO auto_report 共保存 1 个工作簿
2026-03-23 23:55:51 INFO auto_report Excel报表保存成功
2026-03-23 23:55:52 INFO auto_report 已关闭进程: XDKQ_HEC
2026-03-23 23:55:52 INFO auto_report 已关闭进程: EXCEL
2026-03-23 23:55:52 INFO auto_report HTTP "GET /run?token=18400021209 HTTP/1.1" 200 -
2026-03-23 23:56:00 INFO auto_report HTTP "GET /run?token=18400021209 HTTP/1.1" 409 -
2026-03-23 23:56:00 INFO auto_report HTTP "GET /run?token=18400021209 HTTP/1.1" 409 -
2026-03-23 23:56:01 INFO auto_report 客户端已启动，窗口句柄: 3016130
2026-03-23 23:56:07 INFO auto_report 登录输入第 1/3 次尝试
2026-03-23 23:56:10 INFO auto_report 登录操作执行完成
2026-03-23 23:56:10 INFO auto_report 正在查找并点击[原始数据查询]...
2026-03-23 23:56:10 INFO auto_report 成功点击[原始数据查询]
2026-03-23 23:56:10 INFO auto_report 开始执行查询和导出流程...
2026-03-23 23:56:10 INFO auto_report 正在查找主界面[查询]按钮...
2026-03-23 23:56:12 INFO auto_report 点击主界面[查询]按钮
2026-03-23 23:56:17 INFO auto_report 正在等待[查询]窗口...
2026-03-23 23:56:17 INFO auto_report 当前可见窗口: ['', '先达考勤管理系统（当前版本：1.3.4.8） - [原始数据查询]']
2026-03-23 23:56:18 INFO auto_report 点击查询窗口[确定]按钮
2026-03-23 23:56:18 INFO auto_report 等待数据加载...
2026-03-23 23:56:23 WARNING auto_report 程序暂时未响应 (等待数据加载), 等待恢复 (最多60秒)...
2026-03-23 23:56:26 INFO auto_report 程序已恢复响应 (等待数据加载)
2026-03-23 23:56:28 INFO auto_report 正在查找[结果导出]按钮...
2026-03-23 23:56:30 INFO auto_report HTTP "GET /run?token=18400021209 HTTP/1.1" 409 -
2026-03-23 23:56:30 INFO auto_report HTTP "GET /run?token=18400021209 HTTP/1.1" 409 -
2026-03-23 23:56:31 INFO auto_report 已定位主窗口: 先达考勤管理系统（当前版本：1.3.4.8） - [原始数据查询]
2026-03-23 23:56:31 INFO auto_report 已执行Win32相邻按钮点击
2026-03-23 23:56:31 INFO auto_report 等待确认弹窗出现...
2026-03-23 23:56:34 INFO auto_report 正在确认导出(发送回车)...
2026-03-23 23:56:34 INFO auto_report 等待导出完成...
2026-03-23 23:56:49 INFO auto_report 数据查询与导出流程完成，开始保存Excel报表...
2026-03-23 23:56:49 INFO auto_report 第 1/6 次扫描: 检测到 1 个Excel实例
2026-03-23 23:56:50 INFO auto_report 清理了 1 个空Excel进程
2026-03-23 23:56:52 INFO auto_report 第 2/6 次扫描: 检测到 1 个Excel实例
2026-03-23 23:56:52 INFO auto_report 正在保存 工作簿1 (已优化Excel设置)...
2026-03-23 23:56:52 INFO auto_report 保存成功 (0.1秒): D:\auto_reports\工作簿1_20260323_235652_3278914_1.xlsx
2026-03-23 23:56:52 INFO auto_report 共保存 1 个工作簿
2026-03-23 23:56:52 INFO auto_report Excel报表保存成功
2026-03-23 23:56:52 INFO auto_report 已关闭进程: XDKQ_HEC
2026-03-23 23:56:52 INFO auto_report 已关闭进程: EXCEL
2026-03-23 23:56:52 INFO auto_report HTTP "GET /run?token=18400021209 HTTP/1.1" 200 -
2026-03-24 07:46:41 INFO auto_report 客户端已启动，窗口句柄: 10880882
2026-03-24 07:46:47 INFO auto_report 登录输入第 1/3 次尝试
2026-03-24 07:46:50 INFO auto_report 登录操作执行完成
2026-03-24 07:46:50 INFO auto_report 正在查找并点击[原始数据查询]...
2026-03-24 07:46:51 INFO auto_report 成功点击[原始数据查询]
2026-03-24 07:46:51 INFO auto_report 开始执行查询和导出流程...
2026-03-24 07:46:51 INFO auto_report 正在查找主界面[查询]按钮...
2026-03-24 07:46:53 INFO auto_report 点击主界面[查询]按钮
2026-03-24 07:46:58 INFO auto_report 正在等待[查询]窗口...
2026-03-24 07:46:58 INFO auto_report 当前可见窗口: ['', '先达考勤管理系统（当前版本：1.3.4.8） - [原始数据查询]']
2026-03-24 07:46:58 INFO auto_report 点击查询窗口[确定]按钮
2026-03-24 07:46:58 INFO auto_report 等待数据加载...
2026-03-24 07:47:03 WARNING auto_report 程序暂时未响应 (等待数据加载), 等待恢复 (最多60秒)...
2026-03-24 07:47:06 INFO auto_report 程序已恢复响应 (等待数据加载)
2026-03-24 07:47:08 INFO auto_report 正在查找[结果导出]按钮...
2026-03-24 07:47:12 INFO auto_report 已定位主窗口: 先达考勤管理系统（当前版本：1.3.4.8） - [原始数据查询]
2026-03-24 07:47:12 INFO auto_report 已执行Win32相邻按钮点击
2026-03-24 07:47:12 INFO auto_report 等待确认弹窗出现...
2026-03-24 07:47:15 INFO auto_report 正在确认导出(发送回车)...
2026-03-24 07:47:15 INFO auto_report 等待导出完成...
2026-03-24 07:47:30 INFO auto_report 数据查询与导出流程完成，开始保存Excel报表...
2026-03-24 07:47:30 INFO auto_report 第 1/6 次扫描: 检测到 1 个Excel实例
2026-03-24 07:47:30 INFO auto_report 清理了 1 个空Excel进程
2026-03-24 07:47:32 INFO auto_report 第 2/6 次扫描: 检测到 1 个Excel实例
2026-03-24 07:47:33 INFO auto_report 正在保存 工作簿1 (已优化Excel设置)...
2026-03-24 07:47:33 INFO auto_report 保存成功 (0.2秒): D:\auto_reports\工作簿1_20260324_074732_1312582_1.xlsx
2026-03-24 07:47:33 INFO auto_report 共保存 1 个工作簿
2026-03-24 07:47:33 INFO auto_report Excel报表保存成功
2026-03-24 07:47:33 INFO auto_report 已关闭进程: XDKQ_HEC
2026-03-24 07:47:33 INFO auto_report 已关闭进程: EXCEL
2026-03-24 07:47:33 INFO auto_report HTTP "GET /run?token=18400021209 HTTP/1.1" 200 -
2026-03-24 11:55:45 INFO auto_report 客户端已启动，窗口句柄: 46202904
2026-03-24 11:55:51 INFO auto_report 登录输入第 1/3 次尝试
2026-03-24 11:55:54 INFO auto_report 登录操作执行完成
2026-03-24 11:55:54 INFO auto_report 正在查找并点击[原始数据查询]...
2026-03-24 11:55:55 INFO auto_report 成功点击[原始数据查询]
2026-03-24 11:55:55 INFO auto_report 开始执行查询和导出流程...
2026-03-24 11:55:55 INFO auto_report 正在查找主界面[查询]按钮...
2026-03-24 11:55:56 INFO auto_report 点击主界面[查询]按钮
2026-03-24 11:56:01 INFO auto_report 正在等待[查询]窗口...
2026-03-24 11:56:01 INFO auto_report 当前可见窗口: ['', '先达考勤管理系统（当前版本：1.3.4.8） - [原始数据查询]']
2026-03-24 11:56:02 INFO auto_report 点击查询窗口[确定]按钮
2026-03-24 11:56:02 INFO auto_report 等待数据加载...
2026-03-24 11:56:07 WARNING auto_report 程序暂时未响应 (等待数据加载), 等待恢复 (最多60秒)...
2026-03-24 11:56:10 INFO auto_report 程序已恢复响应 (等待数据加载)
2026-03-24 11:56:12 INFO auto_report 正在查找[结果导出]按钮...
2026-03-24 11:56:16 INFO auto_report 已定位主窗口: 先达考勤管理系统（当前版本：1.3.4.8） - [原始数据查询]
2026-03-24 11:56:16 INFO auto_report 已执行Win32相邻按钮点击
2026-03-24 11:56:16 INFO auto_report 等待确认弹窗出现...
2026-03-24 11:56:19 INFO auto_report 正在确认导出(发送回车)...
2026-03-24 11:56:19 INFO auto_report 等待导出完成...
2026-03-24 11:56:34 INFO auto_report 数据查询与导出流程完成，开始保存Excel报表...
2026-03-24 11:56:34 INFO auto_report 第 1/6 次扫描: 检测到 1 个Excel实例
2026-03-24 11:56:34 INFO auto_report 清理了 1 个空Excel进程
2026-03-24 11:56:36 INFO auto_report 第 2/6 次扫描: 检测到 1 个Excel实例
2026-03-24 11:56:36 INFO auto_report 正在保存 工作簿1 (已优化Excel设置)...
2026-03-24 11:56:36 INFO auto_report 保存成功 (0.2秒): D:\auto_reports\工作簿1_20260324_115636_1050612_1.xlsx
2026-03-24 11:56:36 INFO auto_report 共保存 1 个工作簿
2026-03-24 11:56:36 INFO auto_report Excel报表保存成功
2026-03-24 11:56:37 INFO auto_report 已关闭进程: XDKQ_HEC
2026-03-24 11:56:37 INFO auto_report 已关闭进程: EXCEL
2026-03-24 11:56:37 INFO auto_report HTTP "GET /run?token=18400021209 HTTP/1.1" 200 -
2026-03-24 11:57:25 INFO auto_report 客户端已启动，窗口句柄: 1901718
2026-03-24 11:57:31 INFO auto_report 登录输入第 1/3 次尝试
2026-03-24 11:57:34 INFO auto_report 登录操作执行完成
2026-03-24 11:57:34 INFO auto_report 正在查找并点击[原始数据查询]...
2026-03-24 11:57:34 INFO auto_report 成功点击[原始数据查询]
2026-03-24 11:57:34 INFO auto_report 开始执行查询和导出流程...
2026-03-24 11:57:34 INFO auto_report 正在查找主界面[查询]按钮...
2026-03-24 11:57:36 INFO auto_report 点击主界面[查询]按钮
2026-03-24 11:57:41 INFO auto_report 正在等待[查询]窗口...
2026-03-24 11:57:41 INFO auto_report 当前可见窗口: ['', '先达考勤管理系统（当前版本：1.3.4.8） - [原始数据查询]']
2026-03-24 11:57:41 INFO auto_report 点击查询窗口[确定]按钮
2026-03-24 11:57:41 INFO auto_report 等待数据加载...
2026-03-24 11:57:46 WARNING auto_report 程序暂时未响应 (等待数据加载), 等待恢复 (最多60秒)...
2026-03-24 11:57:49 INFO auto_report 程序已恢复响应 (等待数据加载)
2026-03-24 11:57:51 INFO auto_report 正在查找[结果导出]按钮...
2026-03-24 11:57:56 INFO auto_report 已定位主窗口: 先达考勤管理系统（当前版本：1.3.4.8） - [原始数据查询]
2026-03-24 11:57:56 INFO auto_report 已执行Win32相邻按钮点击
2026-03-24 11:57:56 INFO auto_report 等待确认弹窗出现...
2026-03-24 11:57:59 INFO auto_report 正在确认导出(发送回车)...
2026-03-24 11:57:59 INFO auto_report 等待导出完成...
2026-03-24 11:58:14 INFO auto_report 数据查询与导出流程完成，开始保存Excel报表...
2026-03-24 11:58:14 INFO auto_report 第 1/6 次扫描: 检测到 1 个Excel实例
2026-03-24 11:58:14 INFO auto_report 清理了 1 个空Excel进程
2026-03-24 11:58:16 INFO auto_report 第 2/6 次扫描: 检测到 1 个Excel实例
2026-03-24 11:58:16 INFO auto_report 正在保存 工作簿1 (已优化Excel设置)...
2026-03-24 11:58:17 INFO auto_report 保存成功 (0.8秒): D:\auto_reports\工作簿1_20260324_115816_7866288_1.xlsx
2026-03-24 11:58:17 INFO auto_report 共保存 1 个工作簿
2026-03-24 11:58:17 INFO auto_report Excel报表保存成功
2026-03-24 11:58:17 INFO auto_report 已关闭进程: XDKQ_HEC
2026-03-24 11:58:17 INFO auto_report 已关闭进程: EXCEL
2026-03-24 11:58:17 INFO auto_report HTTP "GET /run?token=18400021209 HTTP/1.1" 200 -
2026-03-24 12:01:15 INFO auto_report 客户端已启动，窗口句柄: 2623286
2026-03-24 12:01:21 INFO auto_report 登录输入第 1/3 次尝试
2026-03-24 12:01:24 INFO auto_report 登录操作执行完成
2026-03-24 12:01:24 INFO auto_report 正在查找并点击[原始数据查询]...
2026-03-24 12:01:24 INFO auto_report 成功点击[原始数据查询]
2026-03-24 12:01:24 INFO auto_report 开始执行查询和导出流程...
2026-03-24 12:01:24 INFO auto_report 正在查找主界面[查询]按钮...
2026-03-24 12:01:26 INFO auto_report 点击主界面[查询]按钮
2026-03-24 12:01:31 INFO auto_report 正在等待[查询]窗口...
2026-03-24 12:01:31 INFO auto_report 当前可见窗口: ['', '先达考勤管理系统（当前版本：1.3.4.8） - [原始数据查询]']
2026-03-24 12:01:31 INFO auto_report 点击查询窗口[确定]按钮
2026-03-24 12:01:31 INFO auto_report 等待数据加载...
2026-03-24 12:01:36 WARNING auto_report 程序暂时未响应 (等待数据加载), 等待恢复 (最多60秒)...
2026-03-24 12:01:39 INFO auto_report 程序已恢复响应 (等待数据加载)
2026-03-24 12:01:41 INFO auto_report 正在查找[结果导出]按钮...
2026-03-24 12:01:45 INFO auto_report 已定位主窗口: 先达考勤管理系统（当前版本：1.3.4.8） - [原始数据查询]
2026-03-24 12:01:45 INFO auto_report 已执行Win32相邻按钮点击
2026-03-24 12:01:45 INFO auto_report 等待确认弹窗出现...
2026-03-24 12:01:48 INFO auto_report 正在确认导出(发送回车)...
2026-03-24 12:01:48 INFO auto_report 等待导出完成...
2026-03-24 12:02:03 INFO auto_report 数据查询与导出流程完成，开始保存Excel报表...
2026-03-24 12:02:03 INFO auto_report 第 1/6 次扫描: 检测到 1 个Excel实例
2026-03-24 12:02:04 INFO auto_report 清理了 1 个空Excel进程
2026-03-24 12:02:06 INFO auto_report 第 2/6 次扫描: 检测到 1 个Excel实例
2026-03-24 12:02:06 INFO auto_report 正在保存 工作簿1 (已优化Excel设置)...
2026-03-24 12:02:06 INFO auto_report 保存成功 (0.1秒): D:\auto_reports\工作簿1_20260324_120206_46333976_1.xlsx
2026-03-24 12:02:06 INFO auto_report 共保存 1 个工作簿
2026-03-24 12:02:06 INFO auto_report Excel报表保存成功
2026-03-24 12:02:06 INFO auto_report 已关闭进程: XDKQ_HEC
2026-03-24 12:02:06 INFO auto_report 已关闭进程: EXCEL
2026-03-24 12:02:06 INFO auto_report HTTP "GET /run?token=18400021209 HTTP/1.1" 200 -
2026-03-24 23:55:09 INFO auto_report HTTP "GET /run?token=18400021209 HTTP/1.1" 409 -
2026-03-24 23:55:09 INFO auto_report HTTP "GET /run?token=18400021209 HTTP/1.1" 409 -
2026-03-24 23:55:09 INFO auto_report HTTP "GET /run?token=18400021209 HTTP/1.1" 409 -
2026-03-24 23:55:10 INFO auto_report 客户端已启动，窗口句柄: 54067236
2026-03-24 23:55:16 INFO auto_report 登录输入第 1/3 次尝试
2026-03-24 23:55:19 INFO auto_report 登录操作执行完成
2026-03-24 23:55:19 INFO auto_report 正在查找并点击[原始数据查询]...
2026-03-24 23:55:19 INFO auto_report 成功点击[原始数据查询]
2026-03-24 23:55:19 INFO auto_report 开始执行查询和导出流程...
2026-03-24 23:55:19 INFO auto_report 正在查找主界面[查询]按钮...
2026-03-24 23:55:21 INFO auto_report 点击主界面[查询]按钮
2026-03-24 23:55:26 INFO auto_report 正在等待[查询]窗口...
2026-03-24 23:55:26 INFO auto_report 当前可见窗口: ['', '先达考勤管理系统（当前版本：1.3.4.8） - [原始数据查询]']
2026-03-24 23:55:26 INFO auto_report 点击查询窗口[确定]按钮
2026-03-24 23:55:26 INFO auto_report 等待数据加载...
2026-03-24 23:55:31 WARNING auto_report 程序暂时未响应 (等待数据加载), 等待恢复 (最多60秒)...
2026-03-24 23:55:34 INFO auto_report 程序已恢复响应 (等待数据加载)
2026-03-24 23:55:36 INFO auto_report 正在查找[结果导出]按钮...
2026-03-24 23:55:39 INFO auto_report HTTP "GET /run?token=18400021209 HTTP/1.1" 409 -
2026-03-24 23:55:39 INFO auto_report HTTP "GET /run?token=18400021209 HTTP/1.1" 409 -
2026-03-24 23:55:39 INFO auto_report HTTP "GET /run?token=18400021209 HTTP/1.1" 409 -
2026-03-24 23:55:41 INFO auto_report 已定位主窗口: 先达考勤管理系统（当前版本：1.3.4.8） - [原始数据查询]
2026-03-24 23:55:41 INFO auto_report 已执行Win32相邻按钮点击
2026-03-24 23:55:41 INFO auto_report 等待确认弹窗出现...
2026-03-24 23:55:44 INFO auto_report 正在确认导出(发送回车)...
2026-03-24 23:55:44 INFO auto_report 等待导出完成...
2026-03-24 23:55:59 INFO auto_report 数据查询与导出流程完成，开始保存Excel报表...
2026-03-24 23:55:59 INFO auto_report 第 1/6 次扫描: 检测到 1 个Excel实例
2026-03-24 23:55:59 INFO auto_report 清理了 1 个空Excel进程
2026-03-24 23:56:01 INFO auto_report 第 2/6 次扫描: 检测到 1 个Excel实例
2026-03-24 23:56:01 INFO auto_report 正在保存 工作簿1 (已优化Excel设置)...
2026-03-24 23:56:01 INFO auto_report 保存成功 (0.1秒): D:\auto_reports\工作簿1_20260324_235601_25102036_1.xlsx
2026-03-24 23:56:01 INFO auto_report 共保存 1 个工作簿
2026-03-24 23:56:01 INFO auto_report Excel报表保存成功
2026-03-24 23:56:01 INFO auto_report 已关闭进程: XDKQ_HEC
2026-03-24 23:56:02 INFO auto_report 已关闭进程: EXCEL
2026-03-24 23:56:02 INFO auto_report HTTP "GET /run?token=18400021209 HTTP/1.1" 200 -
2026-03-24 23:56:09 INFO auto_report HTTP "GET /run?token=18400021209 HTTP/1.1" 409 -
2026-03-24 23:56:09 INFO auto_report HTTP "GET /run?token=18400021209 HTTP/1.1" 409 -
2026-03-24 23:56:10 INFO auto_report 客户端已启动，窗口句柄: 3671742
2026-03-24 23:56:16 INFO auto_report 登录输入第 1/3 次尝试
2026-03-24 23:56:19 INFO auto_report 登录操作执行完成
2026-03-24 23:56:19 INFO auto_report 正在查找并点击[原始数据查询]...
2026-03-24 23:56:19 INFO auto_report 成功点击[原始数据查询]
2026-03-24 23:56:19 INFO auto_report 开始执行查询和导出流程...
2026-03-24 23:56:19 INFO auto_report 正在查找主界面[查询]按钮...
2026-03-24 23:56:21 INFO auto_report 点击主界面[查询]按钮
2026-03-24 23:56:26 INFO auto_report 正在等待[查询]窗口...
2026-03-24 23:56:26 INFO auto_report 当前可见窗口: ['', '先达考勤管理系统（当前版本：1.3.4.8） - [原始数据查询]']
2026-03-24 23:56:26 INFO auto_report 点击查询窗口[确定]按钮
2026-03-24 23:56:26 INFO auto_report 等待数据加载...
2026-03-24 23:56:31 WARNING auto_report 程序暂时未响应 (等待数据加载), 等待恢复 (最多60秒)...
2026-03-24 23:56:34 INFO auto_report 程序已恢复响应 (等待数据加载)
2026-03-24 23:56:36 INFO auto_report 正在查找[结果导出]按钮...
2026-03-24 23:56:39 INFO auto_report HTTP "GET /run?token=18400021209 HTTP/1.1" 409 -
2026-03-24 23:56:40 INFO auto_report HTTP "GET /run?token=18400021209 HTTP/1.1" 409 -
2026-03-24 23:56:41 INFO auto_report 已定位主窗口: 先达考勤管理系统（当前版本：1.3.4.8） - [原始数据查询]
2026-03-24 23:56:41 INFO auto_report 已执行Win32相邻按钮点击
2026-03-24 23:56:41 INFO auto_report 等待确认弹窗出现...
2026-03-24 23:56:44 INFO auto_report 正在确认导出(发送回车)...
2026-03-24 23:56:44 INFO auto_report 等待导出完成...
2026-03-24 23:56:59 INFO auto_report 数据查询与导出流程完成，开始保存Excel报表...
2026-03-24 23:56:59 INFO auto_report 第 1/6 次扫描: 检测到 1 个Excel实例
2026-03-24 23:56:59 INFO auto_report 清理了 1 个空Excel进程
2026-03-24 23:57:01 INFO auto_report 第 2/6 次扫描: 检测到 1 个Excel实例
2026-03-24 23:57:01 INFO auto_report 正在保存 工作簿1 (已优化Excel设置)...
2026-03-24 23:57:02 INFO auto_report 保存成功 (0.8秒): D:\auto_reports\工作簿1_20260324_235701_2360780_1.xlsx
2026-03-24 23:57:02 INFO auto_report 共保存 1 个工作簿
2026-03-24 23:57:02 INFO auto_report Excel报表保存成功
2026-03-24 23:57:02 INFO auto_report 已关闭进程: XDKQ_HEC
2026-03-24 23:57:02 INFO auto_report 已关闭进程: EXCEL
2026-03-24 23:57:02 INFO auto_report HTTP "GET /run?token=18400021209 HTTP/1.1" 200 -
2026-03-25 07:57:56 INFO auto_report 客户端已启动，窗口句柄: 103416380
2026-03-25 07:58:02 INFO auto_report 登录输入第 1/3 次尝试
2026-03-25 07:58:05 INFO auto_report 登录操作执行完成
2026-03-25 07:58:05 INFO auto_report 正在查找并点击[原始数据查询]...
2026-03-25 07:58:05 INFO auto_report 成功点击[原始数据查询]
2026-03-25 07:58:05 INFO auto_report 开始执行查询和导出流程...
2026-03-25 07:58:05 INFO auto_report 正在查找主界面[查询]按钮...
2026-03-25 07:58:07 INFO auto_report 点击主界面[查询]按钮
2026-03-25 07:58:12 INFO auto_report 正在等待[查询]窗口...
2026-03-25 07:58:12 INFO auto_report 当前可见窗口: ['', '先达考勤管理系统（当前版本：1.3.4.8） - [原始数据查询]']
2026-03-25 07:58:13 INFO auto_report 点击查询窗口[确定]按钮
2026-03-25 07:58:13 INFO auto_report 等待数据加载...
2026-03-25 07:58:18 WARNING auto_report 程序暂时未响应 (等待数据加载), 等待恢复 (最多60秒)...
2026-03-25 07:58:21 INFO auto_report 程序已恢复响应 (等待数据加载)
2026-03-25 07:58:23 INFO auto_report 正在查找[结果导出]按钮...
2026-03-25 07:58:27 INFO auto_report 已定位主窗口: 先达考勤管理系统（当前版本：1.3.4.8） - [原始数据查询]
2026-03-25 07:58:27 INFO auto_report 已执行Win32相邻按钮点击
2026-03-25 07:58:27 INFO auto_report 等待确认弹窗出现...
2026-03-25 07:58:30 INFO auto_report 正在确认导出(发送回车)...
2026-03-25 07:58:30 INFO auto_report 等待导出完成...
2026-03-25 07:58:45 INFO auto_report 数据查询与导出流程完成，开始保存Excel报表...
2026-03-25 07:58:45 INFO auto_report 第 1/6 次扫描: 检测到 1 个Excel实例
2026-03-25 07:58:45 INFO auto_report 清理了 1 个空Excel进程
2026-03-25 07:58:47 INFO auto_report 第 2/6 次扫描: 检测到 1 个Excel实例
2026-03-25 07:58:48 INFO auto_report 正在保存 工作簿1 (已优化Excel设置)...
2026-03-25 07:58:48 INFO auto_report 保存成功 (0.2秒): D:\auto_reports\工作簿1_20260325_075847_1639872_1.xlsx
2026-03-25 07:58:48 INFO auto_report 共保存 1 个工作簿
2026-03-25 07:58:48 INFO auto_report Excel报表保存成功
2026-03-25 07:58:48 INFO auto_report 已关闭进程: XDKQ_HEC
2026-03-25 07:58:48 INFO auto_report 已关闭进程: EXCEL
2026-03-25 07:58:48 INFO auto_report HTTP "GET /run?token=18400021209 HTTP/1.1" 200 -
2026-03-25 08:01:39 INFO auto_report 客户端已启动，窗口句柄: 6357912
2026-03-25 08:01:45 INFO auto_report 登录输入第 1/3 次尝试
2026-03-25 08:01:48 INFO auto_report 登录操作执行完成
2026-03-25 08:01:48 INFO auto_report 正在查找并点击[原始数据查询]...
2026-03-25 08:01:49 INFO auto_report 成功点击[原始数据查询]
2026-03-25 08:01:49 INFO auto_report 开始执行查询和导出流程...
2026-03-25 08:01:49 INFO auto_report 正在查找主界面[查询]按钮...
2026-03-25 08:01:50 INFO auto_report 点击主界面[查询]按钮
2026-03-25 08:01:55 INFO auto_report 正在等待[查询]窗口...
2026-03-25 08:01:55 INFO auto_report 当前可见窗口: ['', '先达考勤管理系统（当前版本：1.3.4.8） - [原始数据查询]']
2026-03-25 08:01:55 INFO auto_report 点击查询窗口[确定]按钮
2026-03-25 08:01:55 INFO auto_report 等待数据加载...
2026-03-25 08:02:00 WARNING auto_report 程序暂时未响应 (等待数据加载), 等待恢复 (最多60秒)...
2026-03-25 08:02:03 INFO auto_report 程序已恢复响应 (等待数据加载)
2026-03-25 08:02:05 INFO auto_report 正在查找[结果导出]按钮...
2026-03-25 08:02:10 INFO auto_report 已定位主窗口: 先达考勤管理系统（当前版本：1.3.4.8） - [原始数据查询]
2026-03-25 08:02:10 INFO auto_report 已执行Win32相邻按钮点击
2026-03-25 08:02:10 INFO auto_report 等待确认弹窗出现...
2026-03-25 08:02:13 INFO auto_report 正在确认导出(发送回车)...
2026-03-25 08:02:13 INFO auto_report 等待导出完成...
2026-03-25 08:02:28 INFO auto_report 数据查询与导出流程完成，开始保存Excel报表...
2026-03-25 08:02:28 INFO auto_report 第 1/6 次扫描: 检测到 1 个Excel实例
2026-03-25 08:02:28 INFO auto_report 清理了 1 个空Excel进程
2026-03-25 08:02:30 INFO auto_report 第 2/6 次扫描: 检测到 1 个Excel实例
2026-03-25 08:02:30 INFO auto_report 正在保存 工作簿1 (已优化Excel设置)...
2026-03-25 08:02:30 INFO auto_report 保存成功 (0.1秒): D:\auto_reports\工作簿1_20260325_080230_1443900_1.xlsx
2026-03-25 08:02:30 INFO auto_report 共保存 1 个工作簿
2026-03-25 08:02:30 INFO auto_report Excel报表保存成功
2026-03-25 08:02:30 INFO auto_report 已关闭进程: XDKQ_HEC
2026-03-25 08:02:31 INFO auto_report 已关闭进程: EXCEL
2026-03-25 08:02:31 INFO auto_report HTTP "GET /run?token=18400021209 HTTP/1.1" 200 -
2026-03-25 09:40:27 INFO auto_report 预清理: 终止了 2 个残留Excel进程
2026-03-25 09:40:29 INFO auto_report 客户端已启动，窗口句柄: 6751128
2026-03-25 09:40:35 INFO auto_report 登录输入第 1/3 次尝试
2026-03-25 09:40:38 INFO auto_report 登录操作执行完成
2026-03-25 09:40:38 INFO auto_report 正在查找并点击[原始数据查询]...
2026-03-25 09:40:39 INFO auto_report 成功点击[原始数据查询]
2026-03-25 09:40:39 INFO auto_report 开始执行查询和导出流程...
2026-03-25 09:40:39 INFO auto_report 正在查找主界面[查询]按钮...
2026-03-25 09:40:41 INFO auto_report 点击主界面[查询]按钮
2026-03-25 09:40:46 INFO auto_report 正在等待[查询]窗口...
2026-03-25 09:40:46 INFO auto_report 当前可见窗口: ['', '先达考勤管理系统（当前版本：1.3.4.8） - [原始数据查询]']
2026-03-25 09:40:46 INFO auto_report 点击查询窗口[确定]按钮
2026-03-25 09:40:46 INFO auto_report 等待数据加载...
2026-03-25 09:40:51 WARNING auto_report 程序暂时未响应 (等待数据加载), 等待恢复 (最多60秒)...
2026-03-25 09:40:54 INFO auto_report 程序已恢复响应 (等待数据加载)
2026-03-25 09:40:56 INFO auto_report 正在查找[结果导出]按钮...
2026-03-25 09:41:01 INFO auto_report 已定位主窗口: 先达考勤管理系统（当前版本：1.3.4.8） - [原始数据查询]
2026-03-25 09:41:01 INFO auto_report 已执行Win32相邻按钮点击
2026-03-25 09:41:01 INFO auto_report 等待确认弹窗出现...
2026-03-25 09:41:04 INFO auto_report 正在确认导出(发送回车)...
2026-03-25 09:41:04 INFO auto_report 等待导出完成...
2026-03-25 09:41:19 INFO auto_report 数据查询与导出流程完成，开始保存Excel报表...
2026-03-25 09:41:19 INFO auto_report 第 1/6 次扫描: 检测到 1 个Excel实例
2026-03-25 09:41:20 INFO auto_report 清理了 1 个空Excel进程
2026-03-25 09:41:22 INFO auto_report 第 2/6 次扫描: 检测到 1 个Excel实例
2026-03-25 09:41:22 INFO auto_report 正在保存 工作簿1 (已优化Excel设置)...
2026-03-25 09:41:22 INFO auto_report 保存成功 (0.1秒): D:\auto_reports\工作簿1_20260325_094122_919758_1.xlsx
2026-03-25 09:41:22 INFO auto_report 共保存 1 个工作簿
2026-03-25 09:41:22 INFO auto_report Excel报表保存成功
2026-03-25 09:41:22 INFO auto_report 已关闭进程: XDKQ_HEC
2026-03-25 09:41:22 INFO auto_report 已关闭进程: EXCEL
2026-03-25 09:41:22 INFO auto_report HTTP "GET /run?token=18400021209 HTTP/1.1" 200 -
2026-03-25 09:43:05 INFO auto_report 客户端已启动，窗口句柄: 7668958
2026-03-25 09:43:11 INFO auto_report 登录输入第 1/3 次尝试
2026-03-25 09:43:14 INFO auto_report 登录操作执行完成
2026-03-25 09:43:14 INFO auto_report 正在查找并点击[原始数据查询]...
2026-03-25 09:43:14 INFO auto_report 成功点击[原始数据查询]
2026-03-25 09:43:14 INFO auto_report 开始执行查询和导出流程...
2026-03-25 09:43:14 INFO auto_report 正在查找主界面[查询]按钮...
2026-03-25 09:43:16 INFO auto_report 点击主界面[查询]按钮
2026-03-25 09:43:21 INFO auto_report 正在等待[查询]窗口...
2026-03-25 09:43:21 INFO auto_report 当前可见窗口: ['', '先达考勤管理系统（当前版本：1.3.4.8） - [原始数据查询]']
2026-03-25 09:43:21 INFO auto_report 点击查询窗口[确定]按钮
2026-03-25 09:43:21 INFO auto_report 等待数据加载...
2026-03-25 09:43:26 WARNING auto_report 程序暂时未响应 (等待数据加载), 等待恢复 (最多60秒)...
2026-03-25 09:43:29 INFO auto_report 程序已恢复响应 (等待数据加载)
2026-03-25 09:43:31 INFO auto_report 正在查找[结果导出]按钮...
2026-03-25 09:43:36 INFO auto_report 已定位主窗口: 先达考勤管理系统（当前版本：1.3.4.8） - [原始数据查询]
2026-03-25 09:43:36 INFO auto_report 已执行Win32相邻按钮点击
2026-03-25 09:43:36 INFO auto_report 等待确认弹窗出现...
2026-03-25 09:43:39 INFO auto_report 正在确认导出(发送回车)...
2026-03-25 09:43:39 INFO auto_report 等待导出完成...
2026-03-25 09:43:54 INFO auto_report 数据查询与导出流程完成，开始保存Excel报表...
2026-03-25 09:43:54 INFO auto_report 第 1/6 次扫描: 检测到 1 个Excel实例
2026-03-25 09:43:54 INFO auto_report 清理了 1 个空Excel进程
2026-03-25 09:43:56 INFO auto_report 第 2/6 次扫描: 检测到 1 个Excel实例
2026-03-25 09:43:57 INFO auto_report 正在保存 工作簿1 (已优化Excel设置)...
2026-03-25 09:43:57 INFO auto_report 保存成功 (0.2秒): D:\auto_reports\工作簿1_20260325_094356_3146358_1.xlsx
2026-03-25 09:43:57 INFO auto_report 共保存 1 个工作簿
2026-03-25 09:43:57 INFO auto_report Excel报表保存成功
2026-03-25 09:43:57 INFO auto_report 已关闭进程: XDKQ_HEC
2026-03-25 09:43:57 INFO auto_report 已关闭进程: EXCEL
2026-03-25 09:43:57 INFO auto_report HTTP "GET /run?token=18400021209 HTTP/1.1" 200 -
2026-03-26 00:04:57 INFO auto_report HTTP "GET /run?token=18400021209 HTTP/1.1" 409 -
2026-03-26 00:04:57 INFO auto_report HTTP "GET /run?token=18400021209 HTTP/1.1" 409 -
2026-03-26 00:04:57 INFO auto_report HTTP "GET /run?token=18400021209 HTTP/1.1" 409 -
2026-03-26 00:04:58 INFO auto_report 客户端已启动，窗口句柄: 89522206
2026-03-26 00:05:04 INFO auto_report 登录输入第 1/3 次尝试
2026-03-26 00:05:07 INFO auto_report 登录操作执行完成
2026-03-26 00:05:07 INFO auto_report 正在查找并点击[原始数据查询]...
2026-03-26 00:05:08 INFO auto_report 成功点击[原始数据查询]
2026-03-26 00:05:08 INFO auto_report 开始执行查询和导出流程...
2026-03-26 00:05:08 INFO auto_report 正在查找主界面[查询]按钮...
2026-03-26 00:05:10 INFO auto_report 点击主界面[查询]按钮
2026-03-26 00:05:15 INFO auto_report 正在等待[查询]窗口...
2026-03-26 00:05:15 INFO auto_report 当前可见窗口: ['', '先达考勤管理系统（当前版本：1.3.4.8） - [原始数据查询]']
2026-03-26 00:05:15 INFO auto_report 点击查询窗口[确定]按钮
2026-03-26 00:05:15 INFO auto_report 等待数据加载...
2026-03-26 00:05:20 WARNING auto_report 程序暂时未响应 (等待数据加载), 等待恢复 (最多60秒)...
2026-03-26 00:05:23 INFO auto_report 程序已恢复响应 (等待数据加载)
2026-03-26 00:05:25 INFO auto_report 正在查找[结果导出]按钮...
2026-03-26 00:05:27 INFO auto_report HTTP "GET /run?token=18400021209 HTTP/1.1" 409 -
2026-03-26 00:05:27 INFO auto_report HTTP "GET /run?token=18400021209 HTTP/1.1" 409 -
2026-03-26 00:05:27 INFO auto_report HTTP "GET /run?token=18400021209 HTTP/1.1" 409 -
2026-03-26 00:05:30 INFO auto_report 已定位主窗口: 先达考勤管理系统（当前版本：1.3.4.8） - [原始数据查询]
2026-03-26 00:05:30 INFO auto_report 已执行Win32相邻按钮点击
2026-03-26 00:05:30 INFO auto_report 等待确认弹窗出现...
2026-03-26 00:05:33 INFO auto_report 正在确认导出(发送回车)...
2026-03-26 00:05:33 INFO auto_report 等待导出完成...
2026-03-26 00:05:48 INFO auto_report 数据查询与导出流程完成，开始保存Excel报表...
2026-03-26 00:05:48 INFO auto_report 第 1/6 次扫描: 检测到 1 个Excel实例
2026-03-26 00:05:49 INFO auto_report 清理了 1 个空Excel进程
2026-03-26 00:05:51 INFO auto_report 第 2/6 次扫描: 检测到 1 个Excel实例
2026-03-26 00:05:51 INFO auto_report 正在保存 工作簿1 (已优化Excel设置)...
2026-03-26 00:05:57 INFO auto_report HTTP "GET /run?token=18400021209 HTTP/1.1" 409 -
2026-03-26 00:05:57 INFO auto_report HTTP "GET /run?token=18400021209 HTTP/1.1" 409 -
2026-03-26 00:05:58 INFO auto_report HTTP "GET /run?token=18400021209 HTTP/1.1" 409 -
2026-03-26 00:06:27 INFO auto_report HTTP "GET /run?token=18400021209 HTTP/1.1" 409 -
2026-03-26 00:06:28 INFO auto_report HTTP "GET /run?token=18400021209 HTTP/1.1" 409 -
2026-03-26 00:06:28 INFO auto_report HTTP "GET /run?token=18400021209 HTTP/1.1" 409 -
2026-03-26 00:06:28 INFO auto_report HTTP "GET /run?token=18400021209 HTTP/1.1" 409 -
2026-03-26 00:06:39 INFO auto_report 保存成功 (48.0秒): D:\auto_reports\工作簿1_20260326_000551_2689006_1.xlsx
2026-03-26 00:06:39 INFO auto_report 共保存 1 个工作簿
2026-03-26 00:06:39 INFO auto_report Excel报表保存成功
2026-03-26 00:06:39 INFO auto_report 已关闭进程: XDKQ_HEC
2026-03-26 00:06:39 INFO auto_report 已关闭进程: EXCEL
2026-03-26 00:06:39 INFO auto_report HTTP "GET /run?token=18400021209 HTTP/1.1" 200 -
2026-03-26 00:06:58 INFO auto_report 客户端已启动，窗口句柄: 722244
2026-03-26 00:07:03 INFO auto_report 登录输入第 1/3 次尝试
2026-03-26 00:07:06 INFO auto_report 登录操作执行完成
2026-03-26 00:07:06 INFO auto_report 正在查找并点击[原始数据查询]...
2026-03-26 00:07:07 INFO auto_report 成功点击[原始数据查询]
2026-03-26 00:07:07 INFO auto_report 开始执行查询和导出流程...
2026-03-26 00:07:07 INFO auto_report 正在查找主界面[查询]按钮...
2026-03-26 00:07:09 INFO auto_report 点击主界面[查询]按钮
2026-03-26 00:07:14 INFO auto_report 正在等待[查询]窗口...
2026-03-26 00:07:14 INFO auto_report 当前可见窗口: ['', '先达考勤管理系统（当前版本：1.3.4.8） - [原始数据查询]']
2026-03-26 00:07:14 INFO auto_report 点击查询窗口[确定]按钮
2026-03-26 00:07:14 INFO auto_report 等待数据加载...
2026-03-26 00:07:19 WARNING auto_report 程序暂时未响应 (等待数据加载), 等待恢复 (最多60秒)...
2026-03-26 00:07:22 INFO auto_report 程序已恢复响应 (等待数据加载)
2026-03-26 00:07:24 INFO auto_report 正在查找[结果导出]按钮...
2026-03-26 00:07:29 INFO auto_report 已定位主窗口: 先达考勤管理系统（当前版本：1.3.4.8） - [原始数据查询]
2026-03-26 00:07:29 INFO auto_report 已执行Win32相邻按钮点击
2026-03-26 00:07:29 INFO auto_report 等待确认弹窗出现...
2026-03-26 00:07:32 INFO auto_report 正在确认导出(发送回车)...
2026-03-26 00:07:32 INFO auto_report 等待导出完成...
2026-03-26 00:07:47 INFO auto_report 数据查询与导出流程完成，开始保存Excel报表...
2026-03-26 00:07:47 INFO auto_report 第 1/6 次扫描: 检测到 1 个Excel实例
2026-03-26 00:07:47 INFO auto_report 清理了 1 个空Excel进程
2026-03-26 00:07:49 INFO auto_report 第 2/6 次扫描: 检测到 1 个Excel实例
2026-03-26 00:07:49 INFO auto_report 正在保存 工作簿1 (已优化Excel设置)...
2026-03-26 00:08:27 INFO auto_report HTTP "GET /run?token=18400021209 HTTP/1.1" 409 -
2026-03-26 00:08:37 INFO auto_report 保存成功 (47.9秒): D:\auto_reports\工作簿1_20260326_000749_67503344_1.xlsx
2026-03-26 00:08:37 INFO auto_report 共保存 1 个工作簿
2026-03-26 00:08:37 INFO auto_report Excel报表保存成功
2026-03-26 00:08:37 INFO auto_report 已关闭进程: XDKQ_HEC
2026-03-26 00:08:38 INFO auto_report 已关闭进程: EXCEL
2026-03-26 00:08:38 INFO auto_report HTTP "GET /run?token=18400021209 HTTP/1.1" 200 -
2026-03-26 07:52:49 INFO auto_report 客户端已启动，窗口句柄: 50528422
2026-03-26 07:52:55 INFO auto_report 登录输入第 1/3 次尝试
2026-03-26 07:52:58 INFO auto_report 登录操作执行完成
2026-03-26 07:52:58 INFO auto_report 正在查找并点击[原始数据查询]...
2026-03-26 07:52:59 INFO auto_report 成功点击[原始数据查询]
2026-03-26 07:52:59 INFO auto_report 开始执行查询和导出流程...
2026-03-26 07:52:59 INFO auto_report 正在查找主界面[查询]按钮...
2026-03-26 07:53:00 INFO auto_report 点击主界面[查询]按钮
2026-03-26 07:53:05 INFO auto_report 正在等待[查询]窗口...
2026-03-26 07:53:05 INFO auto_report 当前可见窗口: ['', '先达考勤管理系统（当前版本：1.3.4.8） - [原始数据查询]']
2026-03-26 07:53:06 INFO auto_report 点击查询窗口[确定]按钮
2026-03-26 07:53:06 INFO auto_report 等待数据加载...
2026-03-26 07:53:11 WARNING auto_report 程序暂时未响应 (等待数据加载), 等待恢复 (最多60秒)...
2026-03-26 07:53:14 INFO auto_report 程序已恢复响应 (等待数据加载)
2026-03-26 07:53:16 INFO auto_report 正在查找[结果导出]按钮...
2026-03-26 07:53:21 INFO auto_report 已定位主窗口: 先达考勤管理系统（当前版本：1.3.4.8） - [原始数据查询]
2026-03-26 07:53:21 INFO auto_report 已执行Win32相邻按钮点击
2026-03-26 07:53:21 INFO auto_report 等待确认弹窗出现...
2026-03-26 07:53:24 INFO auto_report 正在确认导出(发送回车)...
2026-03-26 07:53:24 INFO auto_report 等待导出完成...
2026-03-26 07:53:39 INFO auto_report 数据查询与导出流程完成，开始保存Excel报表...
2026-03-26 07:53:39 INFO auto_report 第 1/6 次扫描: 检测到 1 个Excel实例
2026-03-26 07:53:39 INFO auto_report 清理了 1 个空Excel进程
2026-03-26 07:53:41 INFO auto_report 第 2/6 次扫描: 检测到 1 个Excel实例
2026-03-26 07:53:41 INFO auto_report 正在保存 工作簿1 (已优化Excel设置)...
2026-03-26 07:54:29 INFO auto_report 保存成功 (47.3秒): D:\auto_reports\工作簿1_20260326_075341_89718814_1.xlsx
2026-03-26 07:54:29 INFO auto_report 共保存 1 个工作簿
2026-03-26 07:54:29 INFO auto_report Excel报表保存成功
2026-03-26 07:54:29 INFO auto_report 已关闭进程: XDKQ_HEC
2026-03-26 07:54:29 INFO auto_report 已关闭进程: EXCEL
2026-03-26 07:54:29 INFO auto_report HTTP "GET /run?token=18400021209 HTTP/1.1" 200 -
2026-03-26 07:55:20 INFO auto_report 客户端已启动，窗口句柄: 3475006
2026-03-26 07:55:26 INFO auto_report 登录输入第 1/3 次尝试
2026-03-26 07:55:29 INFO auto_report 登录操作执行完成
2026-03-26 07:55:29 INFO auto_report 正在查找并点击[原始数据查询]...
2026-03-26 07:55:30 INFO auto_report 成功点击[原始数据查询]
2026-03-26 07:55:30 INFO auto_report 开始执行查询和导出流程...
2026-03-26 07:55:30 INFO auto_report 正在查找主界面[查询]按钮...
2026-03-26 07:55:31 INFO auto_report 点击主界面[查询]按钮
2026-03-26 07:55:36 INFO auto_report 正在等待[查询]窗口...
2026-03-26 07:55:37 INFO auto_report 当前可见窗口: ['', '先达考勤管理系统（当前版本：1.3.4.8） - [原始数据查询]']
2026-03-26 07:55:37 INFO auto_report 点击查询窗口[确定]按钮
2026-03-26 07:55:37 INFO auto_report 等待数据加载...
2026-03-26 07:55:42 WARNING auto_report 程序暂时未响应 (等待数据加载), 等待恢复 (最多60秒)...
2026-03-26 07:55:45 INFO auto_report 程序已恢复响应 (等待数据加载)
2026-03-26 07:55:47 INFO auto_report 正在查找[结果导出]按钮...
2026-03-26 07:55:51 INFO auto_report 已定位主窗口: 先达考勤管理系统（当前版本：1.3.4.8） - [原始数据查询]
2026-03-26 07:55:51 INFO auto_report 已执行Win32相邻按钮点击
2026-03-26 07:55:51 INFO auto_report 等待确认弹窗出现...
2026-03-26 07:55:54 INFO auto_report 正在确认导出(发送回车)...
2026-03-26 07:55:54 INFO auto_report 等待导出完成...
2026-03-26 07:56:10 INFO auto_report 数据查询与导出流程完成，开始保存Excel报表...
2026-03-26 07:56:10 INFO auto_report 第 1/6 次扫描: 检测到 1 个Excel实例
2026-03-26 07:56:10 INFO auto_report 清理了 1 个空Excel进程
2026-03-26 07:56:12 INFO auto_report 第 2/6 次扫描: 检测到 1 个Excel实例
2026-03-26 07:56:12 INFO auto_report 正在保存 工作簿1 (已优化Excel设置)...
2026-03-26 07:56:32 WARNING auto_report SaveCopyAs 失败: (-2147023170, '远程过程调用失败。', None, None), 等待5秒后重试...
2026-03-26 07:56:37 ERROR auto_report 重试保存也失败: (-2147023174, 'RPC 服务器不可用。', None, None), 跳过此工作簿
2026-03-26 07:56:40 INFO auto_report 共保存 0 个工作簿
2026-03-26 07:56:40 ERROR auto_report 未找到或保存任何Excel工作簿
2026-03-26 07:56:41 WARNING auto_report 未关闭进程或进程不存在: XDKQ_HEC
2026-03-26 07:56:41 WARNING auto_report 未关闭进程或进程不存在: EXCEL
2026-03-26 07:56:41 INFO auto_report HTTP "GET /run?token=18400021209 HTTP/1.1" 500 -
2026-03-26 07:56:46 INFO auto_report 客户端已启动，窗口句柄: 22152262
2026-03-26 07:56:52 INFO auto_report 登录输入第 1/3 次尝试
2026-03-26 07:56:55 INFO auto_report 登录操作执行完成
2026-03-26 07:56:55 INFO auto_report 正在查找并点击[原始数据查询]...
2026-03-26 07:56:56 INFO auto_report 成功点击[原始数据查询]
2026-03-26 07:56:56 INFO auto_report 开始执行查询和导出流程...
2026-03-26 07:56:56 INFO auto_report 正在查找主界面[查询]按钮...
2026-03-26 07:56:57 INFO auto_report 点击主界面[查询]按钮
2026-03-26 07:57:02 INFO auto_report 正在等待[查询]窗口...
2026-03-26 07:57:03 INFO auto_report 当前可见窗口: ['', '先达考勤管理系统（当前版本：1.3.4.8） - [原始数据查询]']
2026-03-26 07:57:03 INFO auto_report 点击查询窗口[确定]按钮
2026-03-26 07:57:03 INFO auto_report 等待数据加载...
2026-03-26 07:57:08 WARNING auto_report 程序暂时未响应 (等待数据加载), 等待恢复 (最多60秒)...
2026-03-26 07:57:11 INFO auto_report 程序已恢复响应 (等待数据加载)
2026-03-26 07:57:13 INFO auto_report 正在查找[结果导出]按钮...
2026-03-26 07:57:18 INFO auto_report 已定位主窗口: 先达考勤管理系统（当前版本：1.3.4.8） - [原始数据查询]
2026-03-26 07:57:18 INFO auto_report 已执行Win32相邻按钮点击
2026-03-26 07:57:18 INFO auto_report 等待确认弹窗出现...
2026-03-26 07:57:21 INFO auto_report 正在确认导出(发送回车)...
2026-03-26 07:57:21 INFO auto_report 等待导出完成...
2026-03-26 07:57:36 INFO auto_report 数据查询与导出流程完成，开始保存Excel报表...
2026-03-26 07:57:36 INFO auto_report 第 1/6 次扫描: 检测到 1 个Excel实例
2026-03-26 07:57:36 INFO auto_report 清理了 1 个空Excel进程
2026-03-26 07:57:38 INFO auto_report 第 2/6 次扫描: 检测到 1 个Excel实例
2026-03-26 07:57:38 INFO auto_report 正在保存 工作簿1 (已优化Excel设置)...
